<?xml version="1.0" encoding="UTF-8"?>
<robot generator="Robot 6.0 (Python 3.10.8 on win32)" generated="20221023 17:11:45.460" rpa="false" schemaversion="3">
<suite id="s1" name="Testcases" source="C:\Users\Windows\PycharmProjects\pythonProject\Frameworks in RobotFramework\Testcases">
<suite id="s1-s1" name="Csvnopcom" source="C:\Users\Windows\PycharmProjects\pythonProject\Frameworks in RobotFramework\Testcases\Csvnopcom.robot">
<kw name="Open my Browser" library="login_resources" type="SETUP">
<kw name="Open Browser" library="SeleniumLibrary">
<arg>${LOGIN URL}</arg>
<arg>${BROWSER}</arg>
<doc>Opens a new browser instance to the optional ``url``.</doc>
<msg timestamp="20221023 17:11:46.760" level="INFO">Opening browser 'chrome' to base url 'https://admin-demo.nopcommerce.com'.</msg>
<status status="PASS" starttime="20221023 17:11:46.760" endtime="20221023 17:11:50.874"/>
</kw>
<kw name="Maximize Browser Window" library="SeleniumLibrary">
<doc>Maximizes current browser window.</doc>
<status status="PASS" starttime="20221023 17:11:50.874" endtime="20221023 17:11:51.000"/>
</kw>
<status status="PASS" starttime="20221023 17:11:46.760" endtime="20221023 17:11:51.000"/>
</kw>
<test id="s1-s1-t1" name="LoginTestWithCSV using admin@yourstore.com and adm" line="11">
<kw name="Invalid login">
<arg>admin@yourstore.com</arg>
<arg>adm</arg>
<kw name="Input username" library="login_resources">
<arg>${username}</arg>
<kw name="Input Text" library="SeleniumLibrary">
<arg>id:Email</arg>
<arg>${username}</arg>
<doc>Types the given ``text`` into the text field identified by ``locator``.</doc>
<msg timestamp="20221023 17:11:51.005" level="INFO">Typing text 'admin@yourstore.com' into text field 'id:Email'.</msg>
<status status="PASS" starttime="20221023 17:11:51.005" endtime="20221023 17:11:51.147"/>
</kw>
<status status="PASS" starttime="20221023 17:11:51.005" endtime="20221023 17:11:51.147"/>
</kw>
<kw name="Input pwd" library="login_resources">
<arg>${password}</arg>
<kw name="Input Text" library="SeleniumLibrary">
<arg>id:Password</arg>
<arg>${password}</arg>
<doc>Types the given ``text`` into the text field identified by ``locator``.</doc>
<msg timestamp="20221023 17:11:51.149" level="INFO">Typing text 'adm' into text field 'id:Password'.</msg>
<status status="PASS" starttime="20221023 17:11:51.148" endtime="20221023 17:11:51.261"/>
</kw>
<status status="PASS" starttime="20221023 17:11:51.148" endtime="20221023 17:11:51.261"/>
</kw>
<kw name="Click login button" library="login_resources">
<kw name="Click Element" library="SeleniumLibrary">
<arg>xpath://button[text()='Log in']</arg>
<doc>Click the element identified by ``locator``.</doc>
<msg timestamp="20221023 17:11:51.263" level="INFO">Clicking element 'xpath://button[text()='Log in']'.</msg>
<status status="PASS" starttime="20221023 17:11:51.262" endtime="20221023 17:11:51.722"/>
</kw>
<status status="PASS" starttime="20221023 17:11:51.261" endtime="20221023 17:11:51.722"/>
</kw>
<kw name="Error message should be visible" library="login_resources">
<kw name="Page Should Contain" library="SeleniumLibrary">
<arg>Login was unsuccessful</arg>
<doc>Verifies that current page contains ``text``.</doc>
<msg timestamp="20221023 17:11:51.746" level="INFO">Current page contains text 'Login was unsuccessful'.</msg>
<status status="PASS" starttime="20221023 17:11:51.723" endtime="20221023 17:11:51.747"/>
</kw>
<status status="PASS" starttime="20221023 17:11:51.723" endtime="20221023 17:11:51.747"/>
</kw>
<status status="PASS" starttime="20221023 17:11:51.005" endtime="20221023 17:11:51.747"/>
</kw>
<status status="PASS" starttime="20221023 17:11:51.000" endtime="20221023 17:11:51.748"/>
</test>
<test id="s1-s1-t2" name="LoginTestWithCSV using adm@yourstore.com and admin" line="11">
<kw name="Invalid login">
<arg>adm@yourstore.com</arg>
<arg>admin</arg>
<kw name="Input username" library="login_resources">
<arg>${username}</arg>
<kw name="Input Text" library="SeleniumLibrary">
<arg>id:Email</arg>
<arg>${username}</arg>
<doc>Types the given ``text`` into the text field identified by ``locator``.</doc>
<msg timestamp="20221023 17:11:51.753" level="INFO">Typing text 'adm@yourstore.com' into text field 'id:Email'.</msg>
<status status="PASS" starttime="20221023 17:11:51.752" endtime="20221023 17:11:51.870"/>
</kw>
<status status="PASS" starttime="20221023 17:11:51.752" endtime="20221023 17:11:51.870"/>
</kw>
<kw name="Input pwd" library="login_resources">
<arg>${password}</arg>
<kw name="Input Text" library="SeleniumLibrary">
<arg>id:Password</arg>
<arg>${password}</arg>
<doc>Types the given ``text`` into the text field identified by ``locator``.</doc>
<msg timestamp="20221023 17:11:51.871" level="INFO">Typing text 'admin' into text field 'id:Password'.</msg>
<status status="PASS" starttime="20221023 17:11:51.871" endtime="20221023 17:11:51.974"/>
</kw>
<status status="PASS" starttime="20221023 17:11:51.870" endtime="20221023 17:11:51.974"/>
</kw>
<kw name="Click login button" library="login_resources">
<kw name="Click Element" library="SeleniumLibrary">
<arg>xpath://button[text()='Log in']</arg>
<doc>Click the element identified by ``locator``.</doc>
<msg timestamp="20221023 17:11:51.975" level="INFO">Clicking element 'xpath://button[text()='Log in']'.</msg>
<status status="PASS" starttime="20221023 17:11:51.974" endtime="20221023 17:11:52.401"/>
</kw>
<status status="PASS" starttime="20221023 17:11:51.974" endtime="20221023 17:11:52.401"/>
</kw>
<kw name="Error message should be visible" library="login_resources">
<kw name="Page Should Contain" library="SeleniumLibrary">
<arg>Login was unsuccessful</arg>
<doc>Verifies that current page contains ``text``.</doc>
<msg timestamp="20221023 17:11:52.419" level="INFO">Current page contains text 'Login was unsuccessful'.</msg>
<status status="PASS" starttime="20221023 17:11:52.402" endtime="20221023 17:11:52.419"/>
</kw>
<status status="PASS" starttime="20221023 17:11:52.401" endtime="20221023 17:11:52.419"/>
</kw>
<status status="PASS" starttime="20221023 17:11:51.752" endtime="20221023 17:11:52.419"/>
</kw>
<status status="PASS" starttime="20221023 17:11:51.750" endtime="20221023 17:11:52.421"/>
</test>
<test id="s1-s1-t3" name="LoginTestWithCSV using admin123@yourstore.com and adm" line="11">
<kw name="Invalid login">
<arg>admin123@yourstore.com</arg>
<arg>adm</arg>
<kw name="Input username" library="login_resources">
<arg>${username}</arg>
<kw name="Input Text" library="SeleniumLibrary">
<arg>id:Email</arg>
<arg>${username}</arg>
<doc>Types the given ``text`` into the text field identified by ``locator``.</doc>
<msg timestamp="20221023 17:11:52.425" level="INFO">Typing text 'admin123@yourstore.com' into text field 'id:Email'.</msg>
<status status="PASS" starttime="20221023 17:11:52.424" endtime="20221023 17:11:52.547"/>
</kw>
<status status="PASS" starttime="20221023 17:11:52.424" endtime="20221023 17:11:52.547"/>
</kw>
<kw name="Input pwd" library="login_resources">
<arg>${password}</arg>
<kw name="Input Text" library="SeleniumLibrary">
<arg>id:Password</arg>
<arg>${password}</arg>
<doc>Types the given ``text`` into the text field identified by ``locator``.</doc>
<msg timestamp="20221023 17:11:52.549" level="INFO">Typing text 'adm' into text field 'id:Password'.</msg>
<status status="PASS" starttime="20221023 17:11:52.548" endtime="20221023 17:11:52.655"/>
</kw>
<status status="PASS" starttime="20221023 17:11:52.548" endtime="20221023 17:11:52.655"/>
</kw>
<kw name="Click login button" library="login_resources">
<kw name="Click Element" library="SeleniumLibrary">
<arg>xpath://button[text()='Log in']</arg>
<doc>Click the element identified by ``locator``.</doc>
<msg timestamp="20221023 17:11:52.657" level="INFO">Clicking element 'xpath://button[text()='Log in']'.</msg>
<status status="PASS" starttime="20221023 17:11:52.655" endtime="20221023 17:11:53.083"/>
</kw>
<status status="PASS" starttime="20221023 17:11:52.655" endtime="20221023 17:11:53.084"/>
</kw>
<kw name="Error message should be visible" library="login_resources">
<kw name="Page Should Contain" library="SeleniumLibrary">
<arg>Login was unsuccessful</arg>
<doc>Verifies that current page contains ``text``.</doc>
<msg timestamp="20221023 17:11:53.102" level="INFO">Current page contains text 'Login was unsuccessful'.</msg>
<status status="PASS" starttime="20221023 17:11:53.084" endtime="20221023 17:11:53.102"/>
</kw>
<status status="PASS" starttime="20221023 17:11:53.084" endtime="20221023 17:11:53.102"/>
</kw>
<status status="PASS" starttime="20221023 17:11:52.424" endtime="20221023 17:11:53.102"/>
</kw>
<status status="PASS" starttime="20221023 17:11:52.423" endtime="20221023 17:11:53.103"/>
</test>
<kw name="Close Browsers" library="login_resources" type="TEARDOWN">
<kw name="Close Browser" library="SeleniumLibrary">
<doc>Closes the current browser.</doc>
<status status="PASS" starttime="20221023 17:11:53.106" endtime="20221023 17:11:55.290"/>
</kw>
<status status="PASS" starttime="20221023 17:11:53.105" endtime="20221023 17:11:55.290"/>
</kw>
<status status="PASS" starttime="20221023 17:11:45.500" endtime="20221023 17:11:55.290"/>
</suite>
<suite id="s1-s2" name="Excelnop" source="C:\Users\Windows\PycharmProjects\pythonProject\Frameworks in RobotFramework\Testcases\Excelnop.robot">
<kw name="Open my Browser" library="login_resources" type="SETUP">
<kw name="Open Browser" library="SeleniumLibrary">
<arg>${LOGIN URL}</arg>
<arg>${BROWSER}</arg>
<doc>Opens a new browser instance to the optional ``url``.</doc>
<msg timestamp="20221023 17:11:56.344" level="INFO">Opening browser 'chrome' to base url 'https://admin-demo.nopcommerce.com'.</msg>
<status status="PASS" starttime="20221023 17:11:56.344" endtime="20221023 17:12:00.191"/>
</kw>
<kw name="Maximize Browser Window" library="SeleniumLibrary">
<doc>Maximizes current browser window.</doc>
<status status="PASS" starttime="20221023 17:12:00.193" endtime="20221023 17:12:00.312"/>
</kw>
<status status="PASS" starttime="20221023 17:11:56.344" endtime="20221023 17:12:00.312"/>
</kw>
<test id="s1-s2-t1" name="LoginTestWithExcel using admin@youstore.com and adm" line="11">
<kw name="Invalid login">
<arg>admin@youstore.com</arg>
<arg>adm</arg>
<kw name="Input username" library="login_resources">
<arg>${username}</arg>
<kw name="Input Text" library="SeleniumLibrary">
<arg>id:Email</arg>
<arg>${username}</arg>
<doc>Types the given ``text`` into the text field identified by ``locator``.</doc>
<msg timestamp="20221023 17:12:00.317" level="INFO">Typing text 'admin@youstore.com' into text field 'id:Email'.</msg>
<status status="PASS" starttime="20221023 17:12:00.317" endtime="20221023 17:12:00.452"/>
</kw>
<status status="PASS" starttime="20221023 17:12:00.317" endtime="20221023 17:12:00.452"/>
</kw>
<kw name="Input pwd" library="login_resources">
<arg>${password}</arg>
<kw name="Input Text" library="SeleniumLibrary">
<arg>id:Password</arg>
<arg>${password}</arg>
<doc>Types the given ``text`` into the text field identified by ``locator``.</doc>
<msg timestamp="20221023 17:12:00.454" level="INFO">Typing text 'adm' into text field 'id:Password'.</msg>
<status status="PASS" starttime="20221023 17:12:00.453" endtime="20221023 17:12:00.566"/>
</kw>
<status status="PASS" starttime="20221023 17:12:00.453" endtime="20221023 17:12:00.566"/>
</kw>
<kw name="Click login button" library="login_resources">
<kw name="Click Element" library="SeleniumLibrary">
<arg>xpath://button[text()='Log in']</arg>
<doc>Click the element identified by ``locator``.</doc>
<msg timestamp="20221023 17:12:00.567" level="INFO">Clicking element 'xpath://button[text()='Log in']'.</msg>
<status status="PASS" starttime="20221023 17:12:00.567" endtime="20221023 17:12:01.003"/>
</kw>
<status status="PASS" starttime="20221023 17:12:00.566" endtime="20221023 17:12:01.004"/>
</kw>
<kw name="Error message should be visible" library="login_resources">
<kw name="Page Should Contain" library="SeleniumLibrary">
<arg>Login was unsuccessful</arg>
<doc>Verifies that current page contains ``text``.</doc>
<msg timestamp="20221023 17:12:01.030" level="INFO">Current page contains text 'Login was unsuccessful'.</msg>
<status status="PASS" starttime="20221023 17:12:01.007" endtime="20221023 17:12:01.030"/>
</kw>
<status status="PASS" starttime="20221023 17:12:01.005" endtime="20221023 17:12:01.030"/>
</kw>
<status status="PASS" starttime="20221023 17:12:00.317" endtime="20221023 17:12:01.030"/>
</kw>
<status status="PASS" starttime="20221023 17:12:00.312" endtime="20221023 17:12:01.031"/>
</test>
<test id="s1-s2-t2" name="LoginTestWithExcel using admin@youstore.com and admin" line="11">
<kw name="Invalid login">
<arg>admin@youstore.com</arg>
<arg>admin</arg>
<kw name="Input username" library="login_resources">
<arg>${username}</arg>
<kw name="Input Text" library="SeleniumLibrary">
<arg>id:Email</arg>
<arg>${username}</arg>
<doc>Types the given ``text`` into the text field identified by ``locator``.</doc>
<msg timestamp="20221023 17:12:01.036" level="INFO">Typing text 'admin@youstore.com' into text field 'id:Email'.</msg>
<status status="PASS" starttime="20221023 17:12:01.035" endtime="20221023 17:12:01.148"/>
</kw>
<status status="PASS" starttime="20221023 17:12:01.035" endtime="20221023 17:12:01.148"/>
</kw>
<kw name="Input pwd" library="login_resources">
<arg>${password}</arg>
<kw name="Input Text" library="SeleniumLibrary">
<arg>id:Password</arg>
<arg>${password}</arg>
<doc>Types the given ``text`` into the text field identified by ``locator``.</doc>
<msg timestamp="20221023 17:12:01.149" level="INFO">Typing text 'admin' into text field 'id:Password'.</msg>
<status status="PASS" starttime="20221023 17:12:01.149" endtime="20221023 17:12:01.254"/>
</kw>
<status status="PASS" starttime="20221023 17:12:01.148" endtime="20221023 17:12:01.255"/>
</kw>
<kw name="Click login button" library="login_resources">
<kw name="Click Element" library="SeleniumLibrary">
<arg>xpath://button[text()='Log in']</arg>
<doc>Click the element identified by ``locator``.</doc>
<msg timestamp="20221023 17:12:01.256" level="INFO">Clicking element 'xpath://button[text()='Log in']'.</msg>
<status status="PASS" starttime="20221023 17:12:01.255" endtime="20221023 17:12:01.672"/>
</kw>
<status status="PASS" starttime="20221023 17:12:01.255" endtime="20221023 17:12:01.673"/>
</kw>
<kw name="Error message should be visible" library="login_resources">
<kw name="Page Should Contain" library="SeleniumLibrary">
<arg>Login was unsuccessful</arg>
<doc>Verifies that current page contains ``text``.</doc>
<msg timestamp="20221023 17:12:01.691" level="INFO">Current page contains text 'Login was unsuccessful'.</msg>
<status status="PASS" starttime="20221023 17:12:01.674" endtime="20221023 17:12:01.692"/>
</kw>
<status status="PASS" starttime="20221023 17:12:01.673" endtime="20221023 17:12:01.692"/>
</kw>
<status status="PASS" starttime="20221023 17:12:01.035" endtime="20221023 17:12:01.693"/>
</kw>
<status status="PASS" starttime="20221023 17:12:01.033" endtime="20221023 17:12:01.694"/>
</test>
<test id="s1-s2-t3" name="LoginTestWithExcel using admin@youstore.com and admi" line="11">
<kw name="Invalid login">
<arg>admin@youstore.com</arg>
<arg>admi</arg>
<kw name="Input username" library="login_resources">
<arg>${username}</arg>
<kw name="Input Text" library="SeleniumLibrary">
<arg>id:Email</arg>
<arg>${username}</arg>
<doc>Types the given ``text`` into the text field identified by ``locator``.</doc>
<msg timestamp="20221023 17:12:01.700" level="INFO">Typing text 'admin@youstore.com' into text field 'id:Email'.</msg>
<status status="PASS" starttime="20221023 17:12:01.700" endtime="20221023 17:12:01.816"/>
</kw>
<status status="PASS" starttime="20221023 17:12:01.699" endtime="20221023 17:12:01.816"/>
</kw>
<kw name="Input pwd" library="login_resources">
<arg>${password}</arg>
<kw name="Input Text" library="SeleniumLibrary">
<arg>id:Password</arg>
<arg>${password}</arg>
<doc>Types the given ``text`` into the text field identified by ``locator``.</doc>
<msg timestamp="20221023 17:12:01.817" level="INFO">Typing text 'admi' into text field 'id:Password'.</msg>
<status status="PASS" starttime="20221023 17:12:01.817" endtime="20221023 17:12:01.925"/>
</kw>
<status status="PASS" starttime="20221023 17:12:01.816" endtime="20221023 17:12:01.925"/>
</kw>
<kw name="Click login button" library="login_resources">
<kw name="Click Element" library="SeleniumLibrary">
<arg>xpath://button[text()='Log in']</arg>
<doc>Click the element identified by ``locator``.</doc>
<msg timestamp="20221023 17:12:01.927" level="INFO">Clicking element 'xpath://button[text()='Log in']'.</msg>
<status status="PASS" starttime="20221023 17:12:01.926" endtime="20221023 17:12:02.335"/>
</kw>
<status status="PASS" starttime="20221023 17:12:01.925" endtime="20221023 17:12:02.335"/>
</kw>
<kw name="Error message should be visible" library="login_resources">
<kw name="Page Should Contain" library="SeleniumLibrary">
<arg>Login was unsuccessful</arg>
<doc>Verifies that current page contains ``text``.</doc>
<msg timestamp="20221023 17:12:02.354" level="INFO">Current page contains text 'Login was unsuccessful'.</msg>
<status status="PASS" starttime="20221023 17:12:02.337" endtime="20221023 17:12:02.354"/>
</kw>
<status status="PASS" starttime="20221023 17:12:02.335" endtime="20221023 17:12:02.355"/>
</kw>
<status status="PASS" starttime="20221023 17:12:01.699" endtime="20221023 17:12:02.355"/>
</kw>
<status status="PASS" starttime="20221023 17:12:01.697" endtime="20221023 17:12:02.355"/>
</test>
<kw name="Close Browsers" library="login_resources" type="TEARDOWN">
<kw name="Close Browser" library="SeleniumLibrary">
<doc>Closes the current browser.</doc>
<status status="PASS" starttime="20221023 17:12:02.357" endtime="20221023 17:12:04.515"/>
</kw>
<status status="PASS" starttime="20221023 17:12:02.357" endtime="20221023 17:12:04.515"/>
</kw>
<status status="PASS" starttime="20221023 17:11:55.290" endtime="20221023 17:12:04.515"/>
</suite>
<suite id="s1-s3" name="Fb Login Test" source="C:\Users\Windows\PycharmProjects\pythonProject\Frameworks in RobotFramework\Testcases\Fb_Login_Test.robot">
<test id="s1-s3-t1" name="LoginTest" line="12">
<kw name="Open my Browser" library="Fb_login_keywords">
<arg>${SiteUrl}</arg>
<arg>${Browser}</arg>
<kw name="Open Browser" library="SeleniumLibrary">
<arg>${SiteUrl}</arg>
<arg>${Browser}</arg>
<doc>Opens a new browser instance to the optional ``url``.</doc>
<msg timestamp="20221023 17:12:04.528" level="INFO">Opening browser 'Chrome' to base url 'https://facebook.com'.</msg>
<status status="PASS" starttime="20221023 17:12:04.528" endtime="20221023 17:12:07.068"/>
</kw>
<kw name="Maximize Browser Window" library="SeleniumLibrary">
<doc>Maximizes current browser window.</doc>
<status status="PASS" starttime="20221023 17:12:07.068" endtime="20221023 17:12:07.187"/>
</kw>
<status status="PASS" starttime="20221023 17:12:04.528" endtime="20221023 17:12:07.187"/>
</kw>
<kw name="Enter UserName" library="Fb_login_keywords">
<arg>${user}</arg>
<kw name="Input Text" library="SeleniumLibrary">
<arg>${txt_loginUserName}</arg>
<arg>${username}</arg>
<doc>Types the given ``text`` into the text field identified by ``locator``.</doc>
<msg timestamp="20221023 17:12:07.187" level="INFO">Typing text 'mpreddympreddy80@gmail.com' into text field 'id:email'.</msg>
<status status="PASS" starttime="20221023 17:12:07.187" endtime="20221023 17:12:07.335"/>
</kw>
<status status="PASS" starttime="20221023 17:12:07.187" endtime="20221023 17:12:07.336"/>
</kw>
<kw name="Enter Password" library="Fb_login_keywords">
<arg>${pwd}</arg>
<kw name="Input Text" library="SeleniumLibrary">
<arg>${txt_password}</arg>
<arg>${password}</arg>
<doc>Types the given ``text`` into the text field identified by ``locator``.</doc>
<msg timestamp="20221023 17:12:07.338" level="INFO">Typing text 'Polireddy@789' into text field 'id:pass'.</msg>
<status status="PASS" starttime="20221023 17:12:07.337" endtime="20221023 17:12:07.465"/>
</kw>
<status status="PASS" starttime="20221023 17:12:07.337" endtime="20221023 17:12:07.465"/>
</kw>
<kw name="Click Signin" library="Fb_login_keywords">
<kw name="Click Button" library="SeleniumLibrary">
<arg>${btn_sign}</arg>
<doc>Clicks the button identified by ``locator``.</doc>
<msg timestamp="20221023 17:12:07.467" level="INFO">Clicking button 'login'.</msg>
<status status="PASS" starttime="20221023 17:12:07.467" endtime="20221023 17:12:07.552"/>
</kw>
<status status="PASS" starttime="20221023 17:12:07.466" endtime="20221023 17:12:07.552"/>
</kw>
<kw name="Sleep" library="BuiltIn">
<arg>7 seconds</arg>
<doc>Pauses the test executed for the given time.</doc>
<msg timestamp="20221023 17:12:14.560" level="INFO">Slept 7 seconds</msg>
<status status="PASS" starttime="20221023 17:12:07.553" endtime="20221023 17:12:14.560"/>
</kw>
<kw name="Verify Successful Login" library="Fb_login_keywords">
<kw name="Title Should Be" library="SeleniumLibrary">
<arg>(3) Facebook</arg>
<doc>Verifies that the current page title equals ``title``.</doc>
<msg timestamp="20221023 17:12:14.629" level="INFO">Page title is '(3) Facebook'.</msg>
<status status="PASS" starttime="20221023 17:12:14.561" endtime="20221023 17:12:14.629"/>
</kw>
<status status="PASS" starttime="20221023 17:12:14.560" endtime="20221023 17:12:14.630"/>
</kw>
<status status="PASS" starttime="20221023 17:12:04.528" endtime="20221023 17:12:14.630"/>
</test>
<status status="PASS" starttime="20221023 17:12:04.518" endtime="20221023 17:12:14.631"/>
</suite>
<suite id="s1-s4" name="LoginTest" source="C:\Users\Windows\PycharmProjects\pythonProject\Frameworks in RobotFramework\Testcases\LoginTest.robot">
<test id="s1-s4-t1" name="LoginTest" line="12">
<kw name="Open my Browser" library="LoginKeyword">
<arg>${SiteUrl}</arg>
<arg>${Browser}</arg>
<kw name="Open Browser" library="SeleniumLibrary">
<arg>${SiteUrl}</arg>
<arg>${Browser}</arg>
<doc>Opens a new browser instance to the optional ``url``.</doc>
<msg timestamp="20221023 17:12:14.653" level="INFO">Opening browser 'headlessChrome' to base url 'https://admin-demo.nopcommerce.com'.</msg>
<status status="PASS" starttime="20221023 17:12:14.652" endtime="20221023 17:12:20.946"/>
</kw>
<kw name="Maximize Browser Window" library="SeleniumLibrary">
<doc>Maximizes current browser window.</doc>
<status status="PASS" starttime="20221023 17:12:20.946" endtime="20221023 17:12:21.052"/>
</kw>
<status status="PASS" starttime="20221023 17:12:14.652" endtime="20221023 17:12:21.052"/>
</kw>
<kw name="Enter UserName" library="LoginKeyword">
<arg>${user}</arg>
<kw name="Input Text" library="SeleniumLibrary">
<arg>${txt_loginUserName}</arg>
<arg>${username}</arg>
<doc>Types the given ``text`` into the text field identified by ``locator``.</doc>
<msg timestamp="20221023 17:12:21.057" level="INFO">Typing text 'admin@yourstore.com' into text field 'id:Email'.</msg>
<status status="PASS" starttime="20221023 17:12:21.052" endtime="20221023 17:12:21.167"/>
</kw>
<status status="PASS" starttime="20221023 17:12:21.052" endtime="20221023 17:12:21.167"/>
</kw>
<kw name="Enter Password" library="LoginKeyword">
<arg>${pwd}</arg>
<kw name="Input Text" library="SeleniumLibrary">
<arg>${txt_password}</arg>
<arg>${password}</arg>
<doc>Types the given ``text`` into the text field identified by ``locator``.</doc>
<msg timestamp="20221023 17:12:21.169" level="INFO">Typing text 'admin' into text field 'id:Password'.</msg>
<status status="PASS" starttime="20221023 17:12:21.168" endtime="20221023 17:12:21.274"/>
</kw>
<status status="PASS" starttime="20221023 17:12:21.168" endtime="20221023 17:12:21.275"/>
</kw>
<kw name="Click SignIn" library="LoginKeyword">
<kw name="Click Button" library="SeleniumLibrary">
<arg>${btn_sign}</arg>
<doc>Clicks the button identified by ``locator``.</doc>
<msg timestamp="20221023 17:12:21.276" level="INFO">Clicking button 'xpath://button[text()='Log in']'.</msg>
<status status="PASS" starttime="20221023 17:12:21.276" endtime="20221023 17:12:24.314"/>
</kw>
<status status="PASS" starttime="20221023 17:12:21.275" endtime="20221023 17:12:24.314"/>
</kw>
<kw name="Sleep" library="BuiltIn">
<arg>7 seconds</arg>
<doc>Pauses the test executed for the given time.</doc>
<msg timestamp="20221023 17:12:31.321" level="INFO">Slept 7 seconds</msg>
<status status="PASS" starttime="20221023 17:12:24.316" endtime="20221023 17:12:31.321"/>
</kw>
<kw name="Verify Successful Login" library="LoginKeyword">
<kw name="Title Should Be" library="SeleniumLibrary">
<arg>Dashboard / nopCommerce administration</arg>
<doc>Verifies that the current page title equals ``title``.</doc>
<msg timestamp="20221023 17:12:31.329" level="INFO">Page title is 'Dashboard / nopCommerce administration'.</msg>
<status status="PASS" starttime="20221023 17:12:31.322" endtime="20221023 17:12:31.329"/>
</kw>
<status status="PASS" starttime="20221023 17:12:31.322" endtime="20221023 17:12:31.329"/>
</kw>
<status status="PASS" starttime="20221023 17:12:14.651" endtime="20221023 17:12:31.330"/>
</test>
<status status="PASS" starttime="20221023 17:12:14.633" endtime="20221023 17:12:31.334"/>
</suite>
<suite id="s1-s5" name="Nopcommerce" source="C:\Users\Windows\PycharmProjects\pythonProject\Frameworks in RobotFramework\Testcases\nopcommerce.robot">
<kw name="Open my Browser" library="login_resources" type="SETUP">
<kw name="Open Browser" library="SeleniumLibrary">
<arg>${LOGIN URL}</arg>
<arg>${BROWSER}</arg>
<doc>Opens a new browser instance to the optional ``url``.</doc>
<msg timestamp="20221023 17:12:31.356" level="INFO">Opening browser 'chrome' to base url 'https://admin-demo.nopcommerce.com'.</msg>
<status status="PASS" starttime="20221023 17:12:31.355" endtime="20221023 17:12:34.527"/>
</kw>
<kw name="Maximize Browser Window" library="SeleniumLibrary">
<doc>Maximizes current browser window.</doc>
<status status="PASS" starttime="20221023 17:12:34.527" endtime="20221023 17:12:34.669"/>
</kw>
<status status="PASS" starttime="20221023 17:12:31.355" endtime="20221023 17:12:34.669"/>
</kw>
<test id="s1-s5-t1" name="Right user empty pass" line="9">
<kw name="Invalid login">
<arg>admin@youstore.com</arg>
<arg>${EMPTY}</arg>
<kw name="Input username" library="login_resources">
<arg>${username}</arg>
<kw name="Input Text" library="SeleniumLibrary">
<arg>id:Email</arg>
<arg>${username}</arg>
<doc>Types the given ``text`` into the text field identified by ``locator``.</doc>
<msg timestamp="20221023 17:12:34.671" level="INFO">Typing text 'admin@youstore.com' into text field 'id:Email'.</msg>
<status status="PASS" starttime="20221023 17:12:34.671" endtime="20221023 17:12:34.837"/>
</kw>
<status status="PASS" starttime="20221023 17:12:34.670" endtime="20221023 17:12:34.837"/>
</kw>
<kw name="Input pwd" library="login_resources">
<arg>${password}</arg>
<kw name="Input Text" library="SeleniumLibrary">
<arg>id:Password</arg>
<arg>${password}</arg>
<doc>Types the given ``text`` into the text field identified by ``locator``.</doc>
<msg timestamp="20221023 17:12:34.838" level="INFO">Typing text '' into text field 'id:Password'.</msg>
<status status="PASS" starttime="20221023 17:12:34.837" endtime="20221023 17:12:34.952"/>
</kw>
<status status="PASS" starttime="20221023 17:12:34.837" endtime="20221023 17:12:34.952"/>
</kw>
<kw name="Click login button" library="login_resources">
<kw name="Click Element" library="SeleniumLibrary">
<arg>xpath://button[text()='Log in']</arg>
<doc>Click the element identified by ``locator``.</doc>
<msg timestamp="20221023 17:12:34.953" level="INFO">Clicking element 'xpath://button[text()='Log in']'.</msg>
<status status="PASS" starttime="20221023 17:12:34.953" endtime="20221023 17:12:35.392"/>
</kw>
<status status="PASS" starttime="20221023 17:12:34.953" endtime="20221023 17:12:35.393"/>
</kw>
<kw name="Error message should be visible" library="login_resources">
<kw name="Page Should Contain" library="SeleniumLibrary">
<arg>Login was unsuccessful</arg>
<doc>Verifies that current page contains ``text``.</doc>
<msg timestamp="20221023 17:12:35.414" level="INFO">Current page contains text 'Login was unsuccessful'.</msg>
<status status="PASS" starttime="20221023 17:12:35.393" endtime="20221023 17:12:35.415"/>
</kw>
<status status="PASS" starttime="20221023 17:12:35.393" endtime="20221023 17:12:35.415"/>
</kw>
<status status="PASS" starttime="20221023 17:12:34.670" endtime="20221023 17:12:35.415"/>
</kw>
<status status="PASS" starttime="20221023 17:12:34.669" endtime="20221023 17:12:35.416"/>
</test>
<test id="s1-s5-t2" name="Right user wrong pass" line="10">
<kw name="Invalid login">
<arg>admin@youstore.com</arg>
<arg>xyz</arg>
<kw name="Input username" library="login_resources">
<arg>${username}</arg>
<kw name="Input Text" library="SeleniumLibrary">
<arg>id:Email</arg>
<arg>${username}</arg>
<doc>Types the given ``text`` into the text field identified by ``locator``.</doc>
<msg timestamp="20221023 17:12:35.420" level="INFO">Typing text 'admin@youstore.com' into text field 'id:Email'.</msg>
<status status="PASS" starttime="20221023 17:12:35.419" endtime="20221023 17:12:35.545"/>
</kw>
<status status="PASS" starttime="20221023 17:12:35.419" endtime="20221023 17:12:35.545"/>
</kw>
<kw name="Input pwd" library="login_resources">
<arg>${password}</arg>
<kw name="Input Text" library="SeleniumLibrary">
<arg>id:Password</arg>
<arg>${password}</arg>
<doc>Types the given ``text`` into the text field identified by ``locator``.</doc>
<msg timestamp="20221023 17:12:35.546" level="INFO">Typing text 'xyz' into text field 'id:Password'.</msg>
<status status="PASS" starttime="20221023 17:12:35.545" endtime="20221023 17:12:35.644"/>
</kw>
<status status="PASS" starttime="20221023 17:12:35.545" endtime="20221023 17:12:35.644"/>
</kw>
<kw name="Click login button" library="login_resources">
<kw name="Click Element" library="SeleniumLibrary">
<arg>xpath://button[text()='Log in']</arg>
<doc>Click the element identified by ``locator``.</doc>
<msg timestamp="20221023 17:12:35.645" level="INFO">Clicking element 'xpath://button[text()='Log in']'.</msg>
<status status="PASS" starttime="20221023 17:12:35.645" endtime="20221023 17:12:36.058"/>
</kw>
<status status="PASS" starttime="20221023 17:12:35.644" endtime="20221023 17:12:36.058"/>
</kw>
<kw name="Error message should be visible" library="login_resources">
<kw name="Page Should Contain" library="SeleniumLibrary">
<arg>Login was unsuccessful</arg>
<doc>Verifies that current page contains ``text``.</doc>
<msg timestamp="20221023 17:12:36.076" level="INFO">Current page contains text 'Login was unsuccessful'.</msg>
<status status="PASS" starttime="20221023 17:12:36.059" endtime="20221023 17:12:36.076"/>
</kw>
<status status="PASS" starttime="20221023 17:12:36.059" endtime="20221023 17:12:36.076"/>
</kw>
<status status="PASS" starttime="20221023 17:12:35.418" endtime="20221023 17:12:36.076"/>
</kw>
<status status="PASS" starttime="20221023 17:12:35.418" endtime="20221023 17:12:36.077"/>
</test>
<test id="s1-s5-t3" name="Right user right pass" line="11">
<kw name="Invalid login">
<arg>admin@youstore.com</arg>
<arg>admin</arg>
<kw name="Input username" library="login_resources">
<arg>${username}</arg>
<kw name="Input Text" library="SeleniumLibrary">
<arg>id:Email</arg>
<arg>${username}</arg>
<doc>Types the given ``text`` into the text field identified by ``locator``.</doc>
<msg timestamp="20221023 17:12:36.082" level="INFO">Typing text 'admin@youstore.com' into text field 'id:Email'.</msg>
<status status="PASS" starttime="20221023 17:12:36.082" endtime="20221023 17:12:36.199"/>
</kw>
<status status="PASS" starttime="20221023 17:12:36.081" endtime="20221023 17:12:36.199"/>
</kw>
<kw name="Input pwd" library="login_resources">
<arg>${password}</arg>
<kw name="Input Text" library="SeleniumLibrary">
<arg>id:Password</arg>
<arg>${password}</arg>
<doc>Types the given ``text`` into the text field identified by ``locator``.</doc>
<msg timestamp="20221023 17:12:36.200" level="INFO">Typing text 'admin' into text field 'id:Password'.</msg>
<status status="PASS" starttime="20221023 17:12:36.199" endtime="20221023 17:12:36.310"/>
</kw>
<status status="PASS" starttime="20221023 17:12:36.199" endtime="20221023 17:12:36.310"/>
</kw>
<kw name="Click login button" library="login_resources">
<kw name="Click Element" library="SeleniumLibrary">
<arg>xpath://button[text()='Log in']</arg>
<doc>Click the element identified by ``locator``.</doc>
<msg timestamp="20221023 17:12:36.311" level="INFO">Clicking element 'xpath://button[text()='Log in']'.</msg>
<status status="PASS" starttime="20221023 17:12:36.311" endtime="20221023 17:12:36.709"/>
</kw>
<status status="PASS" starttime="20221023 17:12:36.310" endtime="20221023 17:12:36.709"/>
</kw>
<kw name="Error message should be visible" library="login_resources">
<kw name="Page Should Contain" library="SeleniumLibrary">
<arg>Login was unsuccessful</arg>
<doc>Verifies that current page contains ``text``.</doc>
<msg timestamp="20221023 17:12:36.732" level="INFO">Current page contains text 'Login was unsuccessful'.</msg>
<status status="PASS" starttime="20221023 17:12:36.710" endtime="20221023 17:12:36.733"/>
</kw>
<status status="PASS" starttime="20221023 17:12:36.709" endtime="20221023 17:12:36.733"/>
</kw>
<status status="PASS" starttime="20221023 17:12:36.080" endtime="20221023 17:12:36.733"/>
</kw>
<status status="PASS" starttime="20221023 17:12:36.079" endtime="20221023 17:12:36.734"/>
</test>
<test id="s1-s5-t4" name="Right user empty pass" line="12">
<kw name="Invalid login">
<arg>admin@youstore.com</arg>
<arg>${EMPTY}</arg>
<kw name="Input username" library="login_resources">
<arg>${username}</arg>
<kw name="Input Text" library="SeleniumLibrary">
<arg>id:Email</arg>
<arg>${username}</arg>
<doc>Types the given ``text`` into the text field identified by ``locator``.</doc>
<msg timestamp="20221023 17:12:36.741" level="INFO">Typing text 'admin@youstore.com' into text field 'id:Email'.</msg>
<status status="PASS" starttime="20221023 17:12:36.740" endtime="20221023 17:12:36.856"/>
</kw>
<status status="PASS" starttime="20221023 17:12:36.740" endtime="20221023 17:12:36.857"/>
</kw>
<kw name="Input pwd" library="login_resources">
<arg>${password}</arg>
<kw name="Input Text" library="SeleniumLibrary">
<arg>id:Password</arg>
<arg>${password}</arg>
<doc>Types the given ``text`` into the text field identified by ``locator``.</doc>
<msg timestamp="20221023 17:12:36.858" level="INFO">Typing text '' into text field 'id:Password'.</msg>
<status status="PASS" starttime="20221023 17:12:36.857" endtime="20221023 17:12:36.956"/>
</kw>
<status status="PASS" starttime="20221023 17:12:36.857" endtime="20221023 17:12:36.956"/>
</kw>
<kw name="Click login button" library="login_resources">
<kw name="Click Element" library="SeleniumLibrary">
<arg>xpath://button[text()='Log in']</arg>
<doc>Click the element identified by ``locator``.</doc>
<msg timestamp="20221023 17:12:36.957" level="INFO">Clicking element 'xpath://button[text()='Log in']'.</msg>
<status status="PASS" starttime="20221023 17:12:36.957" endtime="20221023 17:12:37.375"/>
</kw>
<status status="PASS" starttime="20221023 17:12:36.956" endtime="20221023 17:12:37.375"/>
</kw>
<kw name="Error message should be visible" library="login_resources">
<kw name="Page Should Contain" library="SeleniumLibrary">
<arg>Login was unsuccessful</arg>
<doc>Verifies that current page contains ``text``.</doc>
<msg timestamp="20221023 17:12:37.395" level="INFO">Current page contains text 'Login was unsuccessful'.</msg>
<status status="PASS" starttime="20221023 17:12:37.376" endtime="20221023 17:12:37.398"/>
</kw>
<status status="PASS" starttime="20221023 17:12:37.376" endtime="20221023 17:12:37.398"/>
</kw>
<status status="PASS" starttime="20221023 17:12:36.739" endtime="20221023 17:12:37.399"/>
</kw>
<status status="PASS" starttime="20221023 17:12:36.738" endtime="20221023 17:12:37.400"/>
</test>
<test id="s1-s5-t5" name="Wrong user wrong pass" line="13">
<kw name="Invalid login">
<arg>admin@youstore.com</arg>
<arg>xyz</arg>
<kw name="Input username" library="login_resources">
<arg>${username}</arg>
<kw name="Input Text" library="SeleniumLibrary">
<arg>id:Email</arg>
<arg>${username}</arg>
<doc>Types the given ``text`` into the text field identified by ``locator``.</doc>
<msg timestamp="20221023 17:12:37.404" level="INFO">Typing text 'admin@youstore.com' into text field 'id:Email'.</msg>
<status status="PASS" starttime="20221023 17:12:37.403" endtime="20221023 17:12:37.522"/>
</kw>
<status status="PASS" starttime="20221023 17:12:37.403" endtime="20221023 17:12:37.522"/>
</kw>
<kw name="Input pwd" library="login_resources">
<arg>${password}</arg>
<kw name="Input Text" library="SeleniumLibrary">
<arg>id:Password</arg>
<arg>${password}</arg>
<doc>Types the given ``text`` into the text field identified by ``locator``.</doc>
<msg timestamp="20221023 17:12:37.523" level="INFO">Typing text 'xyz' into text field 'id:Password'.</msg>
<status status="PASS" starttime="20221023 17:12:37.523" endtime="20221023 17:12:37.630"/>
</kw>
<status status="PASS" starttime="20221023 17:12:37.522" endtime="20221023 17:12:37.631"/>
</kw>
<kw name="Click login button" library="login_resources">
<kw name="Click Element" library="SeleniumLibrary">
<arg>xpath://button[text()='Log in']</arg>
<doc>Click the element identified by ``locator``.</doc>
<msg timestamp="20221023 17:12:37.633" level="INFO">Clicking element 'xpath://button[text()='Log in']'.</msg>
<status status="PASS" starttime="20221023 17:12:37.632" endtime="20221023 17:12:38.027"/>
</kw>
<status status="PASS" starttime="20221023 17:12:37.631" endtime="20221023 17:12:38.027"/>
</kw>
<kw name="Error message should be visible" library="login_resources">
<kw name="Page Should Contain" library="SeleniumLibrary">
<arg>Login was unsuccessful</arg>
<doc>Verifies that current page contains ``text``.</doc>
<msg timestamp="20221023 17:12:38.053" level="INFO">Current page contains text 'Login was unsuccessful'.</msg>
<status status="PASS" starttime="20221023 17:12:38.027" endtime="20221023 17:12:38.053"/>
</kw>
<status status="PASS" starttime="20221023 17:12:38.027" endtime="20221023 17:12:38.053"/>
</kw>
<status status="PASS" starttime="20221023 17:12:37.402" endtime="20221023 17:12:38.053"/>
</kw>
<status status="PASS" starttime="20221023 17:12:37.402" endtime="20221023 17:12:38.054"/>
</test>
<kw name="Close Browsers" library="login_resources" type="TEARDOWN">
<kw name="Close Browser" library="SeleniumLibrary">
<doc>Closes the current browser.</doc>
<status status="PASS" starttime="20221023 17:12:38.057" endtime="20221023 17:12:40.236"/>
</kw>
<status status="PASS" starttime="20221023 17:12:38.057" endtime="20221023 17:12:40.236"/>
</kw>
<status status="PASS" starttime="20221023 17:12:31.338" endtime="20221023 17:12:40.236"/>
</suite>
<status status="PASS" starttime="20221023 17:11:45.460" endtime="20221023 17:12:40.239"/>
</suite>
<statistics>
<total>
<stat pass="13" fail="0" skip="0">All Tests</stat>
</total>
<tag>
</tag>
<suite>
<stat pass="13" fail="0" skip="0" id="s1" name="Testcases">Testcases</stat>
<stat pass="3" fail="0" skip="0" id="s1-s1" name="Csvnopcom">Testcases.Csvnopcom</stat>
<stat pass="3" fail="0" skip="0" id="s1-s2" name="Excelnop">Testcases.Excelnop</stat>
<stat pass="1" fail="0" skip="0" id="s1-s3" name="Fb Login Test">Testcases.Fb Login Test</stat>
<stat pass="1" fail="0" skip="0" id="s1-s4" name="LoginTest">Testcases.LoginTest</stat>
<stat pass="5" fail="0" skip="0" id="s1-s5" name="Nopcommerce">Testcases.Nopcommerce</stat>
</suite>
</statistics>
<errors>
<msg timestamp="20221023 17:12:36.737" level="WARN">Multiple tests with name 'Right user empty pass' executed in suite 'Testcases.Nopcommerce'.</msg>
</errors>
</robot>
