<?xml version="1.0" encoding="UTF-8"?>
<robot generator="Robot 6.0 (Python 3.10.8 on win32)" generated="20221023 12:07:34.429" rpa="false" schemaversion="3">
<suite id="s1" name="Suites">
<suite id="s1-s1" name="Excelnop" source="C:\Users\Windows\PycharmProjects\pythonProject\Frameworks in RobotFramework\Testcases\Excelnop.robot">
<kw name="Open my Browser" library="login_resources" type="SETUP">
<kw name="Open Browser" library="SeleniumLibrary">
<arg>${LOGIN URL}</arg>
<arg>${BROWSER}</arg>
<doc>Opens a new browser instance to the optional ``url``.</doc>
<msg timestamp="20221023 12:07:35.515" level="INFO">Opening browser 'chrome' to base url 'https://admin-demo.nopcommerce.com'.</msg>
<status status="PASS" starttime="20221023 12:07:35.515" endtime="20221023 12:07:40.165"/>
</kw>
<kw name="Maximize Browser Window" library="SeleniumLibrary">
<doc>Maximizes current browser window.</doc>
<status status="PASS" starttime="20221023 12:07:40.166" endtime="20221023 12:07:40.328"/>
</kw>
<status status="PASS" starttime="20221023 12:07:35.515" endtime="20221023 12:07:40.328"/>
</kw>
<test id="s1-s1-t1" name="LoginTestWithExcel using ${username} and ${password}" line="11">
<status status="FAIL" starttime="20221023 12:07:40.330" endtime="20221023 12:07:40.332">Test contains no keywords.</status>
</test>
<kw name="Close Browsers" library="login_resources" type="TEARDOWN">
<kw name="Close Browser" library="SeleniumLibrary">
<doc>Closes the current browser.</doc>
<status status="PASS" starttime="20221023 12:07:40.333" endtime="20221023 12:07:42.545"/>
</kw>
<status status="PASS" starttime="20221023 12:07:40.333" endtime="20221023 12:07:42.545"/>
</kw>
<status status="FAIL" starttime="20221023 12:07:34.469" endtime="20221023 12:07:42.545"/>
</suite>
<status status="FAIL" starttime="20221023 12:07:34.444" endtime="20221023 12:07:42.550"/>
</suite>
<statistics>
<total>
<stat pass="0" fail="1" skip="0">All Tests</stat>
</total>
<tag>
</tag>
<suite>
<stat pass="0" fail="1" skip="0" id="s1" name="Suites">Suites</stat>
<stat pass="0" fail="1" skip="0" id="s1-s1" name="Excelnop">Suites.Excelnop</stat>
</suite>
</statistics>
<errors>
<msg timestamp="20221023 12:07:35.505" level="ERROR">[ DataDriver ] Error in robot file:
  File "C:\Users\Windows\PycharmProjects\pythonProject\Frameworks in RobotFramework\Testcases\Excelnop.robot", line 0</msg>
<msg timestamp="20221023 12:07:35.505" level="ERROR">In source file:
  File "C:\Users\Windows\PycharmProjects\pythonProject\Frameworks in RobotFramework\Testcases\../Testdata/Book-nop.xlsx", line 0</msg>
<msg timestamp="20221023 12:07:35.515" level="ERROR">Calling method '_start_suite' of listener 'DataDriver' failed: ImportError: Requirements (pandas, openpyxl) for XLSX support are not installed.
    Use 'pip install -U robotframework-datadriver[XLS]' to install XLSX support.</msg>
</errors>
</robot>
