<?xml version="1.0" encoding="UTF-8"?>
<robot generator="Robot 6.0 (Python 3.10.8 on win32)" generated="20221023 12:07:44.790" rpa="false" schemaversion="3">
<suite id="s1" name="Suites">
<suite id="s1-s1" name="Nopcommerce" source="C:\Users\Windows\PycharmProjects\pythonProject\Frameworks in RobotFramework\Testcases\nopcommerce.robot">
<kw name="Open my Browser" library="login_resources" type="SETUP">
<kw name="Open Browser" library="SeleniumLibrary">
<arg>${LOGIN URL}</arg>
<arg>${BROWSER}</arg>
<doc>Opens a new browser instance to the optional ``url``.</doc>
<msg timestamp="20221023 12:07:45.135" level="INFO">Opening browser 'chrome' to base url 'https://admin-demo.nopcommerce.com'.</msg>
<status status="PASS" starttime="20221023 12:07:45.130" endtime="20221023 12:07:49.819"/>
</kw>
<kw name="Maximize Browser Window" library="SeleniumLibrary">
<doc>Maximizes current browser window.</doc>
<status status="PASS" starttime="20221023 12:07:49.821" endtime="20221023 12:07:49.950"/>
</kw>
<status status="PASS" starttime="20221023 12:07:45.130" endtime="20221023 12:07:49.950"/>
</kw>
<test id="s1-s1-t1" name="Right user empty pass" line="9">
<kw name="Invalid login">
<arg>admin@youstore.com</arg>
<arg>${EMPTY}</arg>
<kw name="Input username" library="login_resources">
<arg>${username}</arg>
<kw name="Input Text" library="SeleniumLibrary">
<arg>id:Email</arg>
<arg>${username}</arg>
<doc>Types the given ``text`` into the text field identified by ``locator``.</doc>
<msg timestamp="20221023 12:07:49.957" level="INFO">Typing text 'admin@youstore.com' into text field 'id:Email'.</msg>
<status status="PASS" starttime="20221023 12:07:49.957" endtime="20221023 12:07:50.099"/>
</kw>
<status status="PASS" starttime="20221023 12:07:49.950" endtime="20221023 12:07:50.099"/>
</kw>
<kw name="Input pwd" library="login_resources">
<arg>${password}</arg>
<kw name="Input Text" library="SeleniumLibrary">
<arg>id:Password</arg>
<arg>${password}</arg>
<doc>Types the given ``text`` into the text field identified by ``locator``.</doc>
<msg timestamp="20221023 12:07:50.101" level="INFO">Typing text '' into text field 'id:Password'.</msg>
<status status="PASS" starttime="20221023 12:07:50.100" endtime="20221023 12:07:50.206"/>
</kw>
<status status="PASS" starttime="20221023 12:07:50.099" endtime="20221023 12:07:50.207"/>
</kw>
<kw name="Click login button" library="login_resources">
<kw name="Click Element" library="SeleniumLibrary">
<arg>xpath://button[text()='Log in']</arg>
<doc>Click the element identified by ``locator``.</doc>
<msg timestamp="20221023 12:07:50.208" level="INFO">Clicking element 'xpath://button[text()='Log in']'.</msg>
<status status="PASS" starttime="20221023 12:07:50.207" endtime="20221023 12:07:50.662"/>
</kw>
<status status="PASS" starttime="20221023 12:07:50.207" endtime="20221023 12:07:50.663"/>
</kw>
<kw name="Error message should be visible" library="login_resources">
<kw name="Page Should Contain" library="SeleniumLibrary">
<arg>Login was unsuccessful</arg>
<doc>Verifies that current page contains ``text``.</doc>
<msg timestamp="20221023 12:07:50.686" level="INFO">Current page contains text 'Login was unsuccessful'.</msg>
<status status="PASS" starttime="20221023 12:07:50.664" endtime="20221023 12:07:50.686"/>
</kw>
<status status="PASS" starttime="20221023 12:07:50.663" endtime="20221023 12:07:50.686"/>
</kw>
<status status="PASS" starttime="20221023 12:07:49.950" endtime="20221023 12:07:50.687"/>
</kw>
<status status="PASS" starttime="20221023 12:07:49.950" endtime="20221023 12:07:50.687"/>
</test>
<test id="s1-s1-t2" name="Right user wrong pass" line="10">
<kw name="Invalid login">
<arg>admin@youstore.com</arg>
<arg>xyz</arg>
<kw name="Input username" library="login_resources">
<arg>${username}</arg>
<kw name="Input Text" library="SeleniumLibrary">
<arg>id:Email</arg>
<arg>${username}</arg>
<doc>Types the given ``text`` into the text field identified by ``locator``.</doc>
<msg timestamp="20221023 12:07:50.691" level="INFO">Typing text 'admin@youstore.com' into text field 'id:Email'.</msg>
<status status="PASS" starttime="20221023 12:07:50.690" endtime="20221023 12:07:50.800"/>
</kw>
<status status="PASS" starttime="20221023 12:07:50.690" endtime="20221023 12:07:50.800"/>
</kw>
<kw name="Input pwd" library="login_resources">
<arg>${password}</arg>
<kw name="Input Text" library="SeleniumLibrary">
<arg>id:Password</arg>
<arg>${password}</arg>
<doc>Types the given ``text`` into the text field identified by ``locator``.</doc>
<msg timestamp="20221023 12:07:50.802" level="INFO">Typing text 'xyz' into text field 'id:Password'.</msg>
<status status="PASS" starttime="20221023 12:07:50.801" endtime="20221023 12:07:50.904"/>
</kw>
<status status="PASS" starttime="20221023 12:07:50.801" endtime="20221023 12:07:50.905"/>
</kw>
<kw name="Click login button" library="login_resources">
<kw name="Click Element" library="SeleniumLibrary">
<arg>xpath://button[text()='Log in']</arg>
<doc>Click the element identified by ``locator``.</doc>
<msg timestamp="20221023 12:07:50.907" level="INFO">Clicking element 'xpath://button[text()='Log in']'.</msg>
<status status="PASS" starttime="20221023 12:07:50.906" endtime="20221023 12:07:51.342"/>
</kw>
<status status="PASS" starttime="20221023 12:07:50.905" endtime="20221023 12:07:51.343"/>
</kw>
<kw name="Error message should be visible" library="login_resources">
<kw name="Page Should Contain" library="SeleniumLibrary">
<arg>Login was unsuccessful</arg>
<doc>Verifies that current page contains ``text``.</doc>
<msg timestamp="20221023 12:07:51.363" level="INFO">Current page contains text 'Login was unsuccessful'.</msg>
<status status="PASS" starttime="20221023 12:07:51.345" endtime="20221023 12:07:51.363"/>
</kw>
<status status="PASS" starttime="20221023 12:07:51.344" endtime="20221023 12:07:51.363"/>
</kw>
<status status="PASS" starttime="20221023 12:07:50.689" endtime="20221023 12:07:51.364"/>
</kw>
<status status="PASS" starttime="20221023 12:07:50.688" endtime="20221023 12:07:51.364"/>
</test>
<test id="s1-s1-t3" name="Right user right pass" line="11">
<kw name="Invalid login">
<arg>admin@youstore.com</arg>
<arg>admin</arg>
<kw name="Input username" library="login_resources">
<arg>${username}</arg>
<kw name="Input Text" library="SeleniumLibrary">
<arg>id:Email</arg>
<arg>${username}</arg>
<doc>Types the given ``text`` into the text field identified by ``locator``.</doc>
<msg timestamp="20221023 12:07:51.366" level="INFO">Typing text 'admin@youstore.com' into text field 'id:Email'.</msg>
<status status="PASS" starttime="20221023 12:07:51.366" endtime="20221023 12:07:51.483"/>
</kw>
<status status="PASS" starttime="20221023 12:07:51.365" endtime="20221023 12:07:51.483"/>
</kw>
<kw name="Input pwd" library="login_resources">
<arg>${password}</arg>
<kw name="Input Text" library="SeleniumLibrary">
<arg>id:Password</arg>
<arg>${password}</arg>
<doc>Types the given ``text`` into the text field identified by ``locator``.</doc>
<msg timestamp="20221023 12:07:51.484" level="INFO">Typing text 'admin' into text field 'id:Password'.</msg>
<status status="PASS" starttime="20221023 12:07:51.484" endtime="20221023 12:07:51.592"/>
</kw>
<status status="PASS" starttime="20221023 12:07:51.483" endtime="20221023 12:07:51.592"/>
</kw>
<kw name="Click login button" library="login_resources">
<kw name="Click Element" library="SeleniumLibrary">
<arg>xpath://button[text()='Log in']</arg>
<doc>Click the element identified by ``locator``.</doc>
<msg timestamp="20221023 12:07:51.594" level="INFO">Clicking element 'xpath://button[text()='Log in']'.</msg>
<status status="PASS" starttime="20221023 12:07:51.593" endtime="20221023 12:07:52.012"/>
</kw>
<status status="PASS" starttime="20221023 12:07:51.592" endtime="20221023 12:07:52.013"/>
</kw>
<kw name="Error message should be visible" library="login_resources">
<kw name="Page Should Contain" library="SeleniumLibrary">
<arg>Login was unsuccessful</arg>
<doc>Verifies that current page contains ``text``.</doc>
<msg timestamp="20221023 12:07:52.034" level="INFO">Current page contains text 'Login was unsuccessful'.</msg>
<status status="PASS" starttime="20221023 12:07:52.015" endtime="20221023 12:07:52.034"/>
</kw>
<status status="PASS" starttime="20221023 12:07:52.013" endtime="20221023 12:07:52.034"/>
</kw>
<status status="PASS" starttime="20221023 12:07:51.365" endtime="20221023 12:07:52.035"/>
</kw>
<status status="PASS" starttime="20221023 12:07:51.364" endtime="20221023 12:07:52.035"/>
</test>
<test id="s1-s1-t4" name="Right user empty pass" line="12">
<kw name="Invalid login">
<arg>admin@youstore.com</arg>
<arg>${EMPTY}</arg>
<kw name="Input username" library="login_resources">
<arg>${username}</arg>
<kw name="Input Text" library="SeleniumLibrary">
<arg>id:Email</arg>
<arg>${username}</arg>
<doc>Types the given ``text`` into the text field identified by ``locator``.</doc>
<msg timestamp="20221023 12:07:52.040" level="INFO">Typing text 'admin@youstore.com' into text field 'id:Email'.</msg>
<status status="PASS" starttime="20221023 12:07:52.039" endtime="20221023 12:07:52.157"/>
</kw>
<status status="PASS" starttime="20221023 12:07:52.038" endtime="20221023 12:07:52.157"/>
</kw>
<kw name="Input pwd" library="login_resources">
<arg>${password}</arg>
<kw name="Input Text" library="SeleniumLibrary">
<arg>id:Password</arg>
<arg>${password}</arg>
<doc>Types the given ``text`` into the text field identified by ``locator``.</doc>
<msg timestamp="20221023 12:07:52.159" level="INFO">Typing text '' into text field 'id:Password'.</msg>
<status status="PASS" starttime="20221023 12:07:52.158" endtime="20221023 12:07:52.256"/>
</kw>
<status status="PASS" starttime="20221023 12:07:52.157" endtime="20221023 12:07:52.257"/>
</kw>
<kw name="Click login button" library="login_resources">
<kw name="Click Element" library="SeleniumLibrary">
<arg>xpath://button[text()='Log in']</arg>
<doc>Click the element identified by ``locator``.</doc>
<msg timestamp="20221023 12:07:52.259" level="INFO">Clicking element 'xpath://button[text()='Log in']'.</msg>
<status status="PASS" starttime="20221023 12:07:52.258" endtime="20221023 12:07:52.700"/>
</kw>
<status status="PASS" starttime="20221023 12:07:52.257" endtime="20221023 12:07:52.700"/>
</kw>
<kw name="Error message should be visible" library="login_resources">
<kw name="Page Should Contain" library="SeleniumLibrary">
<arg>Login was unsuccessful</arg>
<doc>Verifies that current page contains ``text``.</doc>
<msg timestamp="20221023 12:07:52.719" level="INFO">Current page contains text 'Login was unsuccessful'.</msg>
<status status="PASS" starttime="20221023 12:07:52.701" endtime="20221023 12:07:52.719"/>
</kw>
<status status="PASS" starttime="20221023 12:07:52.700" endtime="20221023 12:07:52.719"/>
</kw>
<status status="PASS" starttime="20221023 12:07:52.036" endtime="20221023 12:07:52.720"/>
</kw>
<status status="PASS" starttime="20221023 12:07:52.036" endtime="20221023 12:07:52.721"/>
</test>
<test id="s1-s1-t5" name="Wrong user wrong pass" line="13">
<kw name="Invalid login">
<arg>admin@youstore.com</arg>
<arg>xyz</arg>
<kw name="Input username" library="login_resources">
<arg>${username}</arg>
<kw name="Input Text" library="SeleniumLibrary">
<arg>id:Email</arg>
<arg>${username}</arg>
<doc>Types the given ``text`` into the text field identified by ``locator``.</doc>
<msg timestamp="20221023 12:07:52.725" level="INFO">Typing text 'admin@youstore.com' into text field 'id:Email'.</msg>
<status status="PASS" starttime="20221023 12:07:52.724" endtime="20221023 12:07:52.838"/>
</kw>
<status status="PASS" starttime="20221023 12:07:52.724" endtime="20221023 12:07:52.839"/>
</kw>
<kw name="Input pwd" library="login_resources">
<arg>${password}</arg>
<kw name="Input Text" library="SeleniumLibrary">
<arg>id:Password</arg>
<arg>${password}</arg>
<doc>Types the given ``text`` into the text field identified by ``locator``.</doc>
<msg timestamp="20221023 12:07:52.840" level="INFO">Typing text 'xyz' into text field 'id:Password'.</msg>
<status status="PASS" starttime="20221023 12:07:52.839" endtime="20221023 12:07:52.948"/>
</kw>
<status status="PASS" starttime="20221023 12:07:52.839" endtime="20221023 12:07:52.948"/>
</kw>
<kw name="Click login button" library="login_resources">
<kw name="Click Element" library="SeleniumLibrary">
<arg>xpath://button[text()='Log in']</arg>
<doc>Click the element identified by ``locator``.</doc>
<msg timestamp="20221023 12:07:52.949" level="INFO">Clicking element 'xpath://button[text()='Log in']'.</msg>
<status status="PASS" starttime="20221023 12:07:52.949" endtime="20221023 12:07:53.383"/>
</kw>
<status status="PASS" starttime="20221023 12:07:52.948" endtime="20221023 12:07:53.383"/>
</kw>
<kw name="Error message should be visible" library="login_resources">
<kw name="Page Should Contain" library="SeleniumLibrary">
<arg>Login was unsuccessful</arg>
<doc>Verifies that current page contains ``text``.</doc>
<msg timestamp="20221023 12:07:53.408" level="INFO">Current page contains text 'Login was unsuccessful'.</msg>
<status status="PASS" starttime="20221023 12:07:53.384" endtime="20221023 12:07:53.409"/>
</kw>
<status status="PASS" starttime="20221023 12:07:53.383" endtime="20221023 12:07:53.409"/>
</kw>
<status status="PASS" starttime="20221023 12:07:52.723" endtime="20221023 12:07:53.409"/>
</kw>
<status status="PASS" starttime="20221023 12:07:52.722" endtime="20221023 12:07:53.409"/>
</test>
<kw name="Close Browsers" library="login_resources" type="TEARDOWN">
<kw name="Close Browser" library="SeleniumLibrary">
<doc>Closes the current browser.</doc>
<status status="PASS" starttime="20221023 12:07:53.411" endtime="20221023 12:07:55.571"/>
</kw>
<status status="PASS" starttime="20221023 12:07:53.410" endtime="20221023 12:07:55.571"/>
</kw>
<status status="PASS" starttime="20221023 12:07:44.827" endtime="20221023 12:07:55.571"/>
</suite>
<status status="PASS" starttime="20221023 12:07:44.805" endtime="20221023 12:07:55.571"/>
</suite>
<statistics>
<total>
<stat pass="5" fail="0" skip="0">All Tests</stat>
</total>
<tag>
</tag>
<suite>
<stat pass="5" fail="0" skip="0" id="s1" name="Suites">Suites</stat>
<stat pass="5" fail="0" skip="0" id="s1-s1" name="Nopcommerce">Suites.Nopcommerce</stat>
</suite>
</statistics>
<errors>
<msg timestamp="20221023 12:07:52.035" level="WARN">Multiple tests with name 'Right user empty pass' executed in suite 'Suites.Nopcommerce'.</msg>
</errors>
</robot>
