<?xml version="1.0" encoding="UTF-8"?>
<robot generator="Rebot 6.0 (Python 3.10.8 on win32)" generated="20221023 12:07:55.888" rpa="false" schemaversion="3">
<suite id="s1" name="Suites">
<suite id="s1-s1" name="Csvnopcom" source="C:\Users\Windows\PycharmProjects\pythonProject\Frameworks in RobotFramework\Testcases\Csvnopcom.robot">
<kw name="Open my Browser" library="login_resources" type="SETUP">
<kw name="Open Browser" library="SeleniumLibrary">
<arg>${LOGIN URL}</arg>
<arg>${BROWSER}</arg>
<doc>Opens a new browser instance to the optional ``url``.</doc>
<msg timestamp="20221023 12:07:35.515" level="INFO">Opening browser 'chrome' to base url 'https://admin-demo.nopcommerce.com'.</msg>
<status status="PASS" starttime="20221023 12:07:35.515" endtime="20221023 12:07:40.062"/>
</kw>
<kw name="Maximize Browser Window" library="SeleniumLibrary">
<doc>Maximizes current browser window.</doc>
<status status="PASS" starttime="20221023 12:07:40.063" endtime="20221023 12:07:40.207"/>
</kw>
<status status="PASS" starttime="20221023 12:07:35.515" endtime="20221023 12:07:40.208"/>
</kw>
<test id="s1-s1-t1" name="LoginTestWithCSV using admin@yourstore.com and adm" line="11">
<kw name="Invalid login">
<arg>admin@yourstore.com</arg>
<arg>adm</arg>
<kw name="Input username" library="login_resources">
<arg>${username}</arg>
<kw name="Input Text" library="SeleniumLibrary">
<arg>id:Email</arg>
<arg>${username}</arg>
<doc>Types the given ``text`` into the text field identified by ``locator``.</doc>
<msg timestamp="20221023 12:07:40.222" level="INFO">Typing text 'admin@yourstore.com' into text field 'id:Email'.</msg>
<status status="PASS" starttime="20221023 12:07:40.218" endtime="20221023 12:07:40.395"/>
</kw>
<status status="PASS" starttime="20221023 12:07:40.216" endtime="20221023 12:07:40.395"/>
</kw>
<kw name="Input pwd" library="login_resources">
<arg>${password}</arg>
<kw name="Input Text" library="SeleniumLibrary">
<arg>id:Password</arg>
<arg>${password}</arg>
<doc>Types the given ``text`` into the text field identified by ``locator``.</doc>
<msg timestamp="20221023 12:07:40.398" level="INFO">Typing text 'adm' into text field 'id:Password'.</msg>
<status status="PASS" starttime="20221023 12:07:40.397" endtime="20221023 12:07:40.516"/>
</kw>
<status status="PASS" starttime="20221023 12:07:40.396" endtime="20221023 12:07:40.516"/>
</kw>
<kw name="Click login button" library="login_resources">
<kw name="Click Element" library="SeleniumLibrary">
<arg>xpath://button[text()='Log in']</arg>
<doc>Click the element identified by ``locator``.</doc>
<msg timestamp="20221023 12:07:40.518" level="INFO">Clicking element 'xpath://button[text()='Log in']'.</msg>
<status status="PASS" starttime="20221023 12:07:40.517" endtime="20221023 12:07:40.947"/>
</kw>
<status status="PASS" starttime="20221023 12:07:40.517" endtime="20221023 12:07:40.948"/>
</kw>
<kw name="Error message should be visible" library="login_resources">
<kw name="Page Should Contain" library="SeleniumLibrary">
<arg>Login was unsuccessful</arg>
<doc>Verifies that current page contains ``text``.</doc>
<msg timestamp="20221023 12:07:40.972" level="INFO">Current page contains text 'Login was unsuccessful'.</msg>
<status status="PASS" starttime="20221023 12:07:40.952" endtime="20221023 12:07:40.972"/>
</kw>
<status status="PASS" starttime="20221023 12:07:40.951" endtime="20221023 12:07:40.973"/>
</kw>
<status status="PASS" starttime="20221023 12:07:40.213" endtime="20221023 12:07:40.973"/>
</kw>
<status status="PASS" starttime="20221023 12:07:40.208" endtime="20221023 12:07:40.973"/>
</test>
<test id="s1-s1-t2" name="LoginTestWithCSV using adm@yourstore.com and admin" line="11">
<kw name="Invalid login">
<arg>adm@yourstore.com</arg>
<arg>admin</arg>
<kw name="Input username" library="login_resources">
<arg>${username}</arg>
<kw name="Input Text" library="SeleniumLibrary">
<arg>id:Email</arg>
<arg>${username}</arg>
<doc>Types the given ``text`` into the text field identified by ``locator``.</doc>
<msg timestamp="20221023 12:07:40.978" level="INFO">Typing text 'adm@yourstore.com' into text field 'id:Email'.</msg>
<status status="PASS" starttime="20221023 12:07:40.977" endtime="20221023 12:07:41.089"/>
</kw>
<status status="PASS" starttime="20221023 12:07:40.976" endtime="20221023 12:07:41.089"/>
</kw>
<kw name="Input pwd" library="login_resources">
<arg>${password}</arg>
<kw name="Input Text" library="SeleniumLibrary">
<arg>id:Password</arg>
<arg>${password}</arg>
<doc>Types the given ``text`` into the text field identified by ``locator``.</doc>
<msg timestamp="20221023 12:07:41.091" level="INFO">Typing text 'admin' into text field 'id:Password'.</msg>
<status status="PASS" starttime="20221023 12:07:41.090" endtime="20221023 12:07:41.195"/>
</kw>
<status status="PASS" starttime="20221023 12:07:41.089" endtime="20221023 12:07:41.195"/>
</kw>
<kw name="Click login button" library="login_resources">
<kw name="Click Element" library="SeleniumLibrary">
<arg>xpath://button[text()='Log in']</arg>
<doc>Click the element identified by ``locator``.</doc>
<msg timestamp="20221023 12:07:41.197" level="INFO">Clicking element 'xpath://button[text()='Log in']'.</msg>
<status status="PASS" starttime="20221023 12:07:41.196" endtime="20221023 12:07:41.603"/>
</kw>
<status status="PASS" starttime="20221023 12:07:41.195" endtime="20221023 12:07:41.603"/>
</kw>
<kw name="Error message should be visible" library="login_resources">
<kw name="Page Should Contain" library="SeleniumLibrary">
<arg>Login was unsuccessful</arg>
<doc>Verifies that current page contains ``text``.</doc>
<msg timestamp="20221023 12:07:41.622" level="INFO">Current page contains text 'Login was unsuccessful'.</msg>
<status status="PASS" starttime="20221023 12:07:41.604" endtime="20221023 12:07:41.622"/>
</kw>
<status status="PASS" starttime="20221023 12:07:41.603" endtime="20221023 12:07:41.622"/>
</kw>
<status status="PASS" starttime="20221023 12:07:40.976" endtime="20221023 12:07:41.623"/>
</kw>
<status status="PASS" starttime="20221023 12:07:40.974" endtime="20221023 12:07:41.623"/>
</test>
<test id="s1-s1-t3" name="LoginTestWithCSV using admin123@yourstore.com and adm" line="11">
<kw name="Invalid login">
<arg>admin123@yourstore.com</arg>
<arg>adm</arg>
<kw name="Input username" library="login_resources">
<arg>${username}</arg>
<kw name="Input Text" library="SeleniumLibrary">
<arg>id:Email</arg>
<arg>${username}</arg>
<doc>Types the given ``text`` into the text field identified by ``locator``.</doc>
<msg timestamp="20221023 12:07:41.629" level="INFO">Typing text 'admin123@yourstore.com' into text field 'id:Email'.</msg>
<status status="PASS" starttime="20221023 12:07:41.629" endtime="20221023 12:07:41.750"/>
</kw>
<status status="PASS" starttime="20221023 12:07:41.628" endtime="20221023 12:07:41.751"/>
</kw>
<kw name="Input pwd" library="login_resources">
<arg>${password}</arg>
<kw name="Input Text" library="SeleniumLibrary">
<arg>id:Password</arg>
<arg>${password}</arg>
<doc>Types the given ``text`` into the text field identified by ``locator``.</doc>
<msg timestamp="20221023 12:07:41.752" level="INFO">Typing text 'adm' into text field 'id:Password'.</msg>
<status status="PASS" starttime="20221023 12:07:41.751" endtime="20221023 12:07:41.857"/>
</kw>
<status status="PASS" starttime="20221023 12:07:41.751" endtime="20221023 12:07:41.857"/>
</kw>
<kw name="Click login button" library="login_resources">
<kw name="Click Element" library="SeleniumLibrary">
<arg>xpath://button[text()='Log in']</arg>
<doc>Click the element identified by ``locator``.</doc>
<msg timestamp="20221023 12:07:41.860" level="INFO">Clicking element 'xpath://button[text()='Log in']'.</msg>
<status status="PASS" starttime="20221023 12:07:41.859" endtime="20221023 12:07:42.283"/>
</kw>
<status status="PASS" starttime="20221023 12:07:41.858" endtime="20221023 12:07:42.283"/>
</kw>
<kw name="Error message should be visible" library="login_resources">
<kw name="Page Should Contain" library="SeleniumLibrary">
<arg>Login was unsuccessful</arg>
<doc>Verifies that current page contains ``text``.</doc>
<msg timestamp="20221023 12:07:42.304" level="INFO">Current page contains text 'Login was unsuccessful'.</msg>
<status status="PASS" starttime="20221023 12:07:42.285" endtime="20221023 12:07:42.304"/>
</kw>
<status status="PASS" starttime="20221023 12:07:42.283" endtime="20221023 12:07:42.304"/>
</kw>
<status status="PASS" starttime="20221023 12:07:41.627" endtime="20221023 12:07:42.305"/>
</kw>
<status status="PASS" starttime="20221023 12:07:41.624" endtime="20221023 12:07:42.305"/>
</test>
<kw name="Close Browsers" library="login_resources" type="TEARDOWN">
<kw name="Close Browser" library="SeleniumLibrary">
<doc>Closes the current browser.</doc>
<status status="PASS" starttime="20221023 12:07:42.306" endtime="20221023 12:07:44.467"/>
</kw>
<status status="PASS" starttime="20221023 12:07:42.306" endtime="20221023 12:07:44.468"/>
</kw>
<status status="PASS" starttime="20221023 12:07:34.469" endtime="20221023 12:07:44.468"/>
</suite>
<suite id="s1-s2" name="Excelnop" source="C:\Users\Windows\PycharmProjects\pythonProject\Frameworks in RobotFramework\Testcases\Excelnop.robot">
<kw name="Open my Browser" library="login_resources" type="SETUP">
<kw name="Open Browser" library="SeleniumLibrary">
<arg>${LOGIN URL}</arg>
<arg>${BROWSER}</arg>
<doc>Opens a new browser instance to the optional ``url``.</doc>
<msg timestamp="20221023 12:07:35.515" level="INFO">Opening browser 'chrome' to base url 'https://admin-demo.nopcommerce.com'.</msg>
<status status="PASS" starttime="20221023 12:07:35.515" endtime="20221023 12:07:40.165"/>
</kw>
<kw name="Maximize Browser Window" library="SeleniumLibrary">
<doc>Maximizes current browser window.</doc>
<status status="PASS" starttime="20221023 12:07:40.166" endtime="20221023 12:07:40.328"/>
</kw>
<status status="PASS" starttime="20221023 12:07:35.515" endtime="20221023 12:07:40.328"/>
</kw>
<test id="s1-s2-t1" name="LoginTestWithExcel using ${username} and ${password}" line="11">
<status status="FAIL" starttime="20221023 12:07:40.330" endtime="20221023 12:07:40.332">Test contains no keywords.</status>
</test>
<kw name="Close Browsers" library="login_resources" type="TEARDOWN">
<kw name="Close Browser" library="SeleniumLibrary">
<doc>Closes the current browser.</doc>
<status status="PASS" starttime="20221023 12:07:40.333" endtime="20221023 12:07:42.545"/>
</kw>
<status status="PASS" starttime="20221023 12:07:40.333" endtime="20221023 12:07:42.545"/>
</kw>
<status status="FAIL" starttime="20221023 12:07:34.469" endtime="20221023 12:07:42.545"/>
</suite>
<suite id="s1-s3" name="LoginTest" source="C:\Users\Windows\PycharmProjects\pythonProject\Frameworks in RobotFramework\Testcases\LoginTest.robot">
<test id="s1-s3-t1" name="LoginTest" line="12">
<kw name="Open my Browser" library="LoginKeyword">
<arg>${SiteUrl}</arg>
<arg>${Browser}</arg>
<kw name="Open Browser" library="SeleniumLibrary">
<arg>${SiteUrl}</arg>
<arg>${Browser}</arg>
<doc>Opens a new browser instance to the optional ``url``.</doc>
<msg timestamp="20221023 12:07:44.003" level="INFO">Opening browser 'headlessFirefox' to base url 'https://admin-demo.nopcommerce.com'.</msg>
<msg timestamp="20221023 12:07:44.003" level="INFO">Firefox driver log is always forced to to: C:\Users\Windows\PycharmProjects\pythonProject\Frameworks in RobotFramework\Result\pabot_results\2\geckodriver-1.log</msg>
<msg timestamp="20221023 12:07:44.023" level="INFO">Cannot capture screenshot because no browser is open.</msg>
<msg timestamp="20221023 12:07:44.023" level="FAIL">WebDriverException: Message: 'geckodriver' executable needs to be in PATH. 
</msg>
<status status="FAIL" starttime="20221023 12:07:44.003" endtime="20221023 12:07:44.030"/>
</kw>
<kw name="Maximize Browser Window" library="SeleniumLibrary">
<doc>Maximizes current browser window.</doc>
<status status="NOT RUN" starttime="20221023 12:07:44.030" endtime="20221023 12:07:44.030"/>
</kw>
<status status="FAIL" starttime="20221023 12:07:44.003" endtime="20221023 12:07:44.030"/>
</kw>
<kw name="Enter UserName" library="LoginKeyword">
<arg>${user}</arg>
<status status="NOT RUN" starttime="20221023 12:07:44.030" endtime="20221023 12:07:44.030"/>
</kw>
<kw name="Enter Password" library="LoginKeyword">
<arg>${pwd}</arg>
<status status="NOT RUN" starttime="20221023 12:07:44.030" endtime="20221023 12:07:44.030"/>
</kw>
<kw name="Click SignIn" library="LoginKeyword">
<status status="NOT RUN" starttime="20221023 12:07:44.030" endtime="20221023 12:07:44.030"/>
</kw>
<kw name="Sleep" library="BuiltIn">
<arg>7 seconds</arg>
<doc>Pauses the test executed for the given time.</doc>
<status status="NOT RUN" starttime="20221023 12:07:44.030" endtime="20221023 12:07:44.035"/>
</kw>
<kw name="Verify Successful Login" library="LoginKeyword">
<status status="NOT RUN" starttime="20221023 12:07:44.035" endtime="20221023 12:07:44.035"/>
</kw>
<status status="FAIL" starttime="20221023 12:07:44.003" endtime="20221023 12:07:44.035">WebDriverException: Message: 'geckodriver' executable needs to be in PATH. 
</status>
</test>
<status status="FAIL" starttime="20221023 12:07:43.588" endtime="20221023 12:07:44.035"/>
</suite>
<suite id="s1-s4" name="Nopcommerce" source="C:\Users\Windows\PycharmProjects\pythonProject\Frameworks in RobotFramework\Testcases\nopcommerce.robot">
<kw name="Open my Browser" library="login_resources" type="SETUP">
<kw name="Open Browser" library="SeleniumLibrary">
<arg>${LOGIN URL}</arg>
<arg>${BROWSER}</arg>
<doc>Opens a new browser instance to the optional ``url``.</doc>
<msg timestamp="20221023 12:07:45.135" level="INFO">Opening browser 'chrome' to base url 'https://admin-demo.nopcommerce.com'.</msg>
<status status="PASS" starttime="20221023 12:07:45.130" endtime="20221023 12:07:49.819"/>
</kw>
<kw name="Maximize Browser Window" library="SeleniumLibrary">
<doc>Maximizes current browser window.</doc>
<status status="PASS" starttime="20221023 12:07:49.821" endtime="20221023 12:07:49.950"/>
</kw>
<status status="PASS" starttime="20221023 12:07:45.130" endtime="20221023 12:07:49.950"/>
</kw>
<test id="s1-s4-t1" name="Right user empty pass" line="9">
<kw name="Invalid login">
<arg>admin@youstore.com</arg>
<arg>${EMPTY}</arg>
<kw name="Input username" library="login_resources">
<arg>${username}</arg>
<kw name="Input Text" library="SeleniumLibrary">
<arg>id:Email</arg>
<arg>${username}</arg>
<doc>Types the given ``text`` into the text field identified by ``locator``.</doc>
<msg timestamp="20221023 12:07:49.957" level="INFO">Typing text 'admin@youstore.com' into text field 'id:Email'.</msg>
<status status="PASS" starttime="20221023 12:07:49.957" endtime="20221023 12:07:50.099"/>
</kw>
<status status="PASS" starttime="20221023 12:07:49.950" endtime="20221023 12:07:50.099"/>
</kw>
<kw name="Input pwd" library="login_resources">
<arg>${password}</arg>
<kw name="Input Text" library="SeleniumLibrary">
<arg>id:Password</arg>
<arg>${password}</arg>
<doc>Types the given ``text`` into the text field identified by ``locator``.</doc>
<msg timestamp="20221023 12:07:50.101" level="INFO">Typing text '' into text field 'id:Password'.</msg>
<status status="PASS" starttime="20221023 12:07:50.100" endtime="20221023 12:07:50.206"/>
</kw>
<status status="PASS" starttime="20221023 12:07:50.099" endtime="20221023 12:07:50.207"/>
</kw>
<kw name="Click login button" library="login_resources">
<kw name="Click Element" library="SeleniumLibrary">
<arg>xpath://button[text()='Log in']</arg>
<doc>Click the element identified by ``locator``.</doc>
<msg timestamp="20221023 12:07:50.208" level="INFO">Clicking element 'xpath://button[text()='Log in']'.</msg>
<status status="PASS" starttime="20221023 12:07:50.207" endtime="20221023 12:07:50.662"/>
</kw>
<status status="PASS" starttime="20221023 12:07:50.207" endtime="20221023 12:07:50.663"/>
</kw>
<kw name="Error message should be visible" library="login_resources">
<kw name="Page Should Contain" library="SeleniumLibrary">
<arg>Login was unsuccessful</arg>
<doc>Verifies that current page contains ``text``.</doc>
<msg timestamp="20221023 12:07:50.686" level="INFO">Current page contains text 'Login was unsuccessful'.</msg>
<status status="PASS" starttime="20221023 12:07:50.664" endtime="20221023 12:07:50.686"/>
</kw>
<status status="PASS" starttime="20221023 12:07:50.663" endtime="20221023 12:07:50.686"/>
</kw>
<status status="PASS" starttime="20221023 12:07:49.950" endtime="20221023 12:07:50.687"/>
</kw>
<status status="PASS" starttime="20221023 12:07:49.950" endtime="20221023 12:07:50.687"/>
</test>
<test id="s1-s4-t2" name="Right user wrong pass" line="10">
<kw name="Invalid login">
<arg>admin@youstore.com</arg>
<arg>xyz</arg>
<kw name="Input username" library="login_resources">
<arg>${username}</arg>
<kw name="Input Text" library="SeleniumLibrary">
<arg>id:Email</arg>
<arg>${username}</arg>
<doc>Types the given ``text`` into the text field identified by ``locator``.</doc>
<msg timestamp="20221023 12:07:50.691" level="INFO">Typing text 'admin@youstore.com' into text field 'id:Email'.</msg>
<status status="PASS" starttime="20221023 12:07:50.690" endtime="20221023 12:07:50.800"/>
</kw>
<status status="PASS" starttime="20221023 12:07:50.690" endtime="20221023 12:07:50.800"/>
</kw>
<kw name="Input pwd" library="login_resources">
<arg>${password}</arg>
<kw name="Input Text" library="SeleniumLibrary">
<arg>id:Password</arg>
<arg>${password}</arg>
<doc>Types the given ``text`` into the text field identified by ``locator``.</doc>
<msg timestamp="20221023 12:07:50.802" level="INFO">Typing text 'xyz' into text field 'id:Password'.</msg>
<status status="PASS" starttime="20221023 12:07:50.801" endtime="20221023 12:07:50.904"/>
</kw>
<status status="PASS" starttime="20221023 12:07:50.801" endtime="20221023 12:07:50.905"/>
</kw>
<kw name="Click login button" library="login_resources">
<kw name="Click Element" library="SeleniumLibrary">
<arg>xpath://button[text()='Log in']</arg>
<doc>Click the element identified by ``locator``.</doc>
<msg timestamp="20221023 12:07:50.907" level="INFO">Clicking element 'xpath://button[text()='Log in']'.</msg>
<status status="PASS" starttime="20221023 12:07:50.906" endtime="20221023 12:07:51.342"/>
</kw>
<status status="PASS" starttime="20221023 12:07:50.905" endtime="20221023 12:07:51.343"/>
</kw>
<kw name="Error message should be visible" library="login_resources">
<kw name="Page Should Contain" library="SeleniumLibrary">
<arg>Login was unsuccessful</arg>
<doc>Verifies that current page contains ``text``.</doc>
<msg timestamp="20221023 12:07:51.363" level="INFO">Current page contains text 'Login was unsuccessful'.</msg>
<status status="PASS" starttime="20221023 12:07:51.345" endtime="20221023 12:07:51.363"/>
</kw>
<status status="PASS" starttime="20221023 12:07:51.344" endtime="20221023 12:07:51.363"/>
</kw>
<status status="PASS" starttime="20221023 12:07:50.689" endtime="20221023 12:07:51.364"/>
</kw>
<status status="PASS" starttime="20221023 12:07:50.688" endtime="20221023 12:07:51.364"/>
</test>
<test id="s1-s4-t3" name="Right user right pass" line="11">
<kw name="Invalid login">
<arg>admin@youstore.com</arg>
<arg>admin</arg>
<kw name="Input username" library="login_resources">
<arg>${username}</arg>
<kw name="Input Text" library="SeleniumLibrary">
<arg>id:Email</arg>
<arg>${username}</arg>
<doc>Types the given ``text`` into the text field identified by ``locator``.</doc>
<msg timestamp="20221023 12:07:51.366" level="INFO">Typing text 'admin@youstore.com' into text field 'id:Email'.</msg>
<status status="PASS" starttime="20221023 12:07:51.366" endtime="20221023 12:07:51.483"/>
</kw>
<status status="PASS" starttime="20221023 12:07:51.365" endtime="20221023 12:07:51.483"/>
</kw>
<kw name="Input pwd" library="login_resources">
<arg>${password}</arg>
<kw name="Input Text" library="SeleniumLibrary">
<arg>id:Password</arg>
<arg>${password}</arg>
<doc>Types the given ``text`` into the text field identified by ``locator``.</doc>
<msg timestamp="20221023 12:07:51.484" level="INFO">Typing text 'admin' into text field 'id:Password'.</msg>
<status status="PASS" starttime="20221023 12:07:51.484" endtime="20221023 12:07:51.592"/>
</kw>
<status status="PASS" starttime="20221023 12:07:51.483" endtime="20221023 12:07:51.592"/>
</kw>
<kw name="Click login button" library="login_resources">
<kw name="Click Element" library="SeleniumLibrary">
<arg>xpath://button[text()='Log in']</arg>
<doc>Click the element identified by ``locator``.</doc>
<msg timestamp="20221023 12:07:51.594" level="INFO">Clicking element 'xpath://button[text()='Log in']'.</msg>
<status status="PASS" starttime="20221023 12:07:51.593" endtime="20221023 12:07:52.012"/>
</kw>
<status status="PASS" starttime="20221023 12:07:51.592" endtime="20221023 12:07:52.013"/>
</kw>
<kw name="Error message should be visible" library="login_resources">
<kw name="Page Should Contain" library="SeleniumLibrary">
<arg>Login was unsuccessful</arg>
<doc>Verifies that current page contains ``text``.</doc>
<msg timestamp="20221023 12:07:52.034" level="INFO">Current page contains text 'Login was unsuccessful'.</msg>
<status status="PASS" starttime="20221023 12:07:52.015" endtime="20221023 12:07:52.034"/>
</kw>
<status status="PASS" starttime="20221023 12:07:52.013" endtime="20221023 12:07:52.034"/>
</kw>
<status status="PASS" starttime="20221023 12:07:51.365" endtime="20221023 12:07:52.035"/>
</kw>
<status status="PASS" starttime="20221023 12:07:51.364" endtime="20221023 12:07:52.035"/>
</test>
<test id="s1-s4-t4" name="Right user empty pass" line="12">
<kw name="Invalid login">
<arg>admin@youstore.com</arg>
<arg>${EMPTY}</arg>
<kw name="Input username" library="login_resources">
<arg>${username}</arg>
<kw name="Input Text" library="SeleniumLibrary">
<arg>id:Email</arg>
<arg>${username}</arg>
<doc>Types the given ``text`` into the text field identified by ``locator``.</doc>
<msg timestamp="20221023 12:07:52.040" level="INFO">Typing text 'admin@youstore.com' into text field 'id:Email'.</msg>
<status status="PASS" starttime="20221023 12:07:52.039" endtime="20221023 12:07:52.157"/>
</kw>
<status status="PASS" starttime="20221023 12:07:52.038" endtime="20221023 12:07:52.157"/>
</kw>
<kw name="Input pwd" library="login_resources">
<arg>${password}</arg>
<kw name="Input Text" library="SeleniumLibrary">
<arg>id:Password</arg>
<arg>${password}</arg>
<doc>Types the given ``text`` into the text field identified by ``locator``.</doc>
<msg timestamp="20221023 12:07:52.159" level="INFO">Typing text '' into text field 'id:Password'.</msg>
<status status="PASS" starttime="20221023 12:07:52.158" endtime="20221023 12:07:52.256"/>
</kw>
<status status="PASS" starttime="20221023 12:07:52.157" endtime="20221023 12:07:52.257"/>
</kw>
<kw name="Click login button" library="login_resources">
<kw name="Click Element" library="SeleniumLibrary">
<arg>xpath://button[text()='Log in']</arg>
<doc>Click the element identified by ``locator``.</doc>
<msg timestamp="20221023 12:07:52.259" level="INFO">Clicking element 'xpath://button[text()='Log in']'.</msg>
<status status="PASS" starttime="20221023 12:07:52.258" endtime="20221023 12:07:52.700"/>
</kw>
<status status="PASS" starttime="20221023 12:07:52.257" endtime="20221023 12:07:52.700"/>
</kw>
<kw name="Error message should be visible" library="login_resources">
<kw name="Page Should Contain" library="SeleniumLibrary">
<arg>Login was unsuccessful</arg>
<doc>Verifies that current page contains ``text``.</doc>
<msg timestamp="20221023 12:07:52.719" level="INFO">Current page contains text 'Login was unsuccessful'.</msg>
<status status="PASS" starttime="20221023 12:07:52.701" endtime="20221023 12:07:52.719"/>
</kw>
<status status="PASS" starttime="20221023 12:07:52.700" endtime="20221023 12:07:52.719"/>
</kw>
<status status="PASS" starttime="20221023 12:07:52.036" endtime="20221023 12:07:52.720"/>
</kw>
<status status="PASS" starttime="20221023 12:07:52.036" endtime="20221023 12:07:52.721"/>
</test>
<test id="s1-s4-t5" name="Wrong user wrong pass" line="13">
<kw name="Invalid login">
<arg>admin@youstore.com</arg>
<arg>xyz</arg>
<kw name="Input username" library="login_resources">
<arg>${username}</arg>
<kw name="Input Text" library="SeleniumLibrary">
<arg>id:Email</arg>
<arg>${username}</arg>
<doc>Types the given ``text`` into the text field identified by ``locator``.</doc>
<msg timestamp="20221023 12:07:52.725" level="INFO">Typing text 'admin@youstore.com' into text field 'id:Email'.</msg>
<status status="PASS" starttime="20221023 12:07:52.724" endtime="20221023 12:07:52.838"/>
</kw>
<status status="PASS" starttime="20221023 12:07:52.724" endtime="20221023 12:07:52.839"/>
</kw>
<kw name="Input pwd" library="login_resources">
<arg>${password}</arg>
<kw name="Input Text" library="SeleniumLibrary">
<arg>id:Password</arg>
<arg>${password}</arg>
<doc>Types the given ``text`` into the text field identified by ``locator``.</doc>
<msg timestamp="20221023 12:07:52.840" level="INFO">Typing text 'xyz' into text field 'id:Password'.</msg>
<status status="PASS" starttime="20221023 12:07:52.839" endtime="20221023 12:07:52.948"/>
</kw>
<status status="PASS" starttime="20221023 12:07:52.839" endtime="20221023 12:07:52.948"/>
</kw>
<kw name="Click login button" library="login_resources">
<kw name="Click Element" library="SeleniumLibrary">
<arg>xpath://button[text()='Log in']</arg>
<doc>Click the element identified by ``locator``.</doc>
<msg timestamp="20221023 12:07:52.949" level="INFO">Clicking element 'xpath://button[text()='Log in']'.</msg>
<status status="PASS" starttime="20221023 12:07:52.949" endtime="20221023 12:07:53.383"/>
</kw>
<status status="PASS" starttime="20221023 12:07:52.948" endtime="20221023 12:07:53.383"/>
</kw>
<kw name="Error message should be visible" library="login_resources">
<kw name="Page Should Contain" library="SeleniumLibrary">
<arg>Login was unsuccessful</arg>
<doc>Verifies that current page contains ``text``.</doc>
<msg timestamp="20221023 12:07:53.408" level="INFO">Current page contains text 'Login was unsuccessful'.</msg>
<status status="PASS" starttime="20221023 12:07:53.384" endtime="20221023 12:07:53.409"/>
</kw>
<status status="PASS" starttime="20221023 12:07:53.383" endtime="20221023 12:07:53.409"/>
</kw>
<status status="PASS" starttime="20221023 12:07:52.723" endtime="20221023 12:07:53.409"/>
</kw>
<status status="PASS" starttime="20221023 12:07:52.722" endtime="20221023 12:07:53.409"/>
</test>
<kw name="Close Browsers" library="login_resources" type="TEARDOWN">
<kw name="Close Browser" library="SeleniumLibrary">
<doc>Closes the current browser.</doc>
<status status="PASS" starttime="20221023 12:07:53.411" endtime="20221023 12:07:55.571"/>
</kw>
<status status="PASS" starttime="20221023 12:07:53.410" endtime="20221023 12:07:55.571"/>
</kw>
<status status="PASS" starttime="20221023 12:07:44.827" endtime="20221023 12:07:55.571"/>
</suite>
<doc>[https://pabot.org/?ref=log|Pabot] result from 4 executions.</doc>
<status status="FAIL" starttime="20221023 12:07:34.444" endtime="20221023 12:07:55.571"/>
</suite>
<statistics>
<total>
<stat pass="8" fail="2" skip="0">All Tests</stat>
</total>
<tag>
</tag>
<suite>
<stat pass="8" fail="2" skip="0" id="s1" name="Suites">Suites</stat>
<stat pass="3" fail="0" skip="0" id="s1-s1" name="Csvnopcom">Suites.Csvnopcom</stat>
<stat pass="0" fail="1" skip="0" id="s1-s2" name="Excelnop">Suites.Excelnop</stat>
<stat pass="0" fail="1" skip="0" id="s1-s3" name="LoginTest">Suites.LoginTest</stat>
<stat pass="5" fail="0" skip="0" id="s1-s4" name="Nopcommerce">Suites.Nopcommerce</stat>
</suite>
</statistics>
<errors>
<msg timestamp="20221023 12:07:35.505" level="ERROR">[ DataDriver ] Error in robot file:
  File "C:\Users\Windows\PycharmProjects\pythonProject\Frameworks in RobotFramework\Testcases\Excelnop.robot", line 0</msg>
<msg timestamp="20221023 12:07:35.505" level="ERROR">In source file:
  File "C:\Users\Windows\PycharmProjects\pythonProject\Frameworks in RobotFramework\Testcases\../Testdata/Book-nop.xlsx", line 0</msg>
<msg timestamp="20221023 12:07:35.515" level="ERROR">Calling method '_start_suite' of listener 'DataDriver' failed: ImportError: Requirements (pandas, openpyxl) for XLSX support are not installed.
    Use 'pip install -U robotframework-datadriver[XLS]' to install XLSX support.</msg>
<msg timestamp="20221023 12:07:52.035" level="WARN">Multiple tests with name 'Right user empty pass' executed in suite 'Suites.Nopcommerce'.</msg>
</errors>
</robot>
