<?xml version="1.0" encoding="UTF-8"?>
<robot generator="Robot 6.0 (Python 3.10.8 on win32)" generated="20221023 12:07:34.434" rpa="false" schemaversion="3">
<suite id="s1" name="Suites">
<suite id="s1-s1" name="Csvnopcom" source="C:\Users\Windows\PycharmProjects\pythonProject\Frameworks in RobotFramework\Testcases\Csvnopcom.robot">
<kw name="Open my Browser" library="login_resources" type="SETUP">
<kw name="Open Browser" library="SeleniumLibrary">
<arg>${LOGIN URL}</arg>
<arg>${BROWSER}</arg>
<doc>Opens a new browser instance to the optional ``url``.</doc>
<msg timestamp="20221023 12:07:35.515" level="INFO">Opening browser 'chrome' to base url 'https://admin-demo.nopcommerce.com'.</msg>
<status status="PASS" starttime="20221023 12:07:35.515" endtime="20221023 12:07:40.062"/>
</kw>
<kw name="Maximize Browser Window" library="SeleniumLibrary">
<doc>Maximizes current browser window.</doc>
<status status="PASS" starttime="20221023 12:07:40.063" endtime="20221023 12:07:40.207"/>
</kw>
<status status="PASS" starttime="20221023 12:07:35.515" endtime="20221023 12:07:40.208"/>
</kw>
<test id="s1-s1-t1" name="LoginTestWithCSV using admin@yourstore.com and adm" line="11">
<kw name="Invalid login">
<arg>admin@yourstore.com</arg>
<arg>adm</arg>
<kw name="Input username" library="login_resources">
<arg>${username}</arg>
<kw name="Input Text" library="SeleniumLibrary">
<arg>id:Email</arg>
<arg>${username}</arg>
<doc>Types the given ``text`` into the text field identified by ``locator``.</doc>
<msg timestamp="20221023 12:07:40.222" level="INFO">Typing text 'admin@yourstore.com' into text field 'id:Email'.</msg>
<status status="PASS" starttime="20221023 12:07:40.218" endtime="20221023 12:07:40.395"/>
</kw>
<status status="PASS" starttime="20221023 12:07:40.216" endtime="20221023 12:07:40.395"/>
</kw>
<kw name="Input pwd" library="login_resources">
<arg>${password}</arg>
<kw name="Input Text" library="SeleniumLibrary">
<arg>id:Password</arg>
<arg>${password}</arg>
<doc>Types the given ``text`` into the text field identified by ``locator``.</doc>
<msg timestamp="20221023 12:07:40.398" level="INFO">Typing text 'adm' into text field 'id:Password'.</msg>
<status status="PASS" starttime="20221023 12:07:40.397" endtime="20221023 12:07:40.516"/>
</kw>
<status status="PASS" starttime="20221023 12:07:40.396" endtime="20221023 12:07:40.516"/>
</kw>
<kw name="Click login button" library="login_resources">
<kw name="Click Element" library="SeleniumLibrary">
<arg>xpath://button[text()='Log in']</arg>
<doc>Click the element identified by ``locator``.</doc>
<msg timestamp="20221023 12:07:40.518" level="INFO">Clicking element 'xpath://button[text()='Log in']'.</msg>
<status status="PASS" starttime="20221023 12:07:40.517" endtime="20221023 12:07:40.947"/>
</kw>
<status status="PASS" starttime="20221023 12:07:40.517" endtime="20221023 12:07:40.948"/>
</kw>
<kw name="Error message should be visible" library="login_resources">
<kw name="Page Should Contain" library="SeleniumLibrary">
<arg>Login was unsuccessful</arg>
<doc>Verifies that current page contains ``text``.</doc>
<msg timestamp="20221023 12:07:40.972" level="INFO">Current page contains text 'Login was unsuccessful'.</msg>
<status status="PASS" starttime="20221023 12:07:40.952" endtime="20221023 12:07:40.972"/>
</kw>
<status status="PASS" starttime="20221023 12:07:40.951" endtime="20221023 12:07:40.973"/>
</kw>
<status status="PASS" starttime="20221023 12:07:40.213" endtime="20221023 12:07:40.973"/>
</kw>
<status status="PASS" starttime="20221023 12:07:40.208" endtime="20221023 12:07:40.973"/>
</test>
<test id="s1-s1-t2" name="LoginTestWithCSV using adm@yourstore.com and admin" line="11">
<kw name="Invalid login">
<arg>adm@yourstore.com</arg>
<arg>admin</arg>
<kw name="Input username" library="login_resources">
<arg>${username}</arg>
<kw name="Input Text" library="SeleniumLibrary">
<arg>id:Email</arg>
<arg>${username}</arg>
<doc>Types the given ``text`` into the text field identified by ``locator``.</doc>
<msg timestamp="20221023 12:07:40.978" level="INFO">Typing text 'adm@yourstore.com' into text field 'id:Email'.</msg>
<status status="PASS" starttime="20221023 12:07:40.977" endtime="20221023 12:07:41.089"/>
</kw>
<status status="PASS" starttime="20221023 12:07:40.976" endtime="20221023 12:07:41.089"/>
</kw>
<kw name="Input pwd" library="login_resources">
<arg>${password}</arg>
<kw name="Input Text" library="SeleniumLibrary">
<arg>id:Password</arg>
<arg>${password}</arg>
<doc>Types the given ``text`` into the text field identified by ``locator``.</doc>
<msg timestamp="20221023 12:07:41.091" level="INFO">Typing text 'admin' into text field 'id:Password'.</msg>
<status status="PASS" starttime="20221023 12:07:41.090" endtime="20221023 12:07:41.195"/>
</kw>
<status status="PASS" starttime="20221023 12:07:41.089" endtime="20221023 12:07:41.195"/>
</kw>
<kw name="Click login button" library="login_resources">
<kw name="Click Element" library="SeleniumLibrary">
<arg>xpath://button[text()='Log in']</arg>
<doc>Click the element identified by ``locator``.</doc>
<msg timestamp="20221023 12:07:41.197" level="INFO">Clicking element 'xpath://button[text()='Log in']'.</msg>
<status status="PASS" starttime="20221023 12:07:41.196" endtime="20221023 12:07:41.603"/>
</kw>
<status status="PASS" starttime="20221023 12:07:41.195" endtime="20221023 12:07:41.603"/>
</kw>
<kw name="Error message should be visible" library="login_resources">
<kw name="Page Should Contain" library="SeleniumLibrary">
<arg>Login was unsuccessful</arg>
<doc>Verifies that current page contains ``text``.</doc>
<msg timestamp="20221023 12:07:41.622" level="INFO">Current page contains text 'Login was unsuccessful'.</msg>
<status status="PASS" starttime="20221023 12:07:41.604" endtime="20221023 12:07:41.622"/>
</kw>
<status status="PASS" starttime="20221023 12:07:41.603" endtime="20221023 12:07:41.622"/>
</kw>
<status status="PASS" starttime="20221023 12:07:40.976" endtime="20221023 12:07:41.623"/>
</kw>
<status status="PASS" starttime="20221023 12:07:40.974" endtime="20221023 12:07:41.623"/>
</test>
<test id="s1-s1-t3" name="LoginTestWithCSV using admin123@yourstore.com and adm" line="11">
<kw name="Invalid login">
<arg>admin123@yourstore.com</arg>
<arg>adm</arg>
<kw name="Input username" library="login_resources">
<arg>${username}</arg>
<kw name="Input Text" library="SeleniumLibrary">
<arg>id:Email</arg>
<arg>${username}</arg>
<doc>Types the given ``text`` into the text field identified by ``locator``.</doc>
<msg timestamp="20221023 12:07:41.629" level="INFO">Typing text 'admin123@yourstore.com' into text field 'id:Email'.</msg>
<status status="PASS" starttime="20221023 12:07:41.629" endtime="20221023 12:07:41.750"/>
</kw>
<status status="PASS" starttime="20221023 12:07:41.628" endtime="20221023 12:07:41.751"/>
</kw>
<kw name="Input pwd" library="login_resources">
<arg>${password}</arg>
<kw name="Input Text" library="SeleniumLibrary">
<arg>id:Password</arg>
<arg>${password}</arg>
<doc>Types the given ``text`` into the text field identified by ``locator``.</doc>
<msg timestamp="20221023 12:07:41.752" level="INFO">Typing text 'adm' into text field 'id:Password'.</msg>
<status status="PASS" starttime="20221023 12:07:41.751" endtime="20221023 12:07:41.857"/>
</kw>
<status status="PASS" starttime="20221023 12:07:41.751" endtime="20221023 12:07:41.857"/>
</kw>
<kw name="Click login button" library="login_resources">
<kw name="Click Element" library="SeleniumLibrary">
<arg>xpath://button[text()='Log in']</arg>
<doc>Click the element identified by ``locator``.</doc>
<msg timestamp="20221023 12:07:41.860" level="INFO">Clicking element 'xpath://button[text()='Log in']'.</msg>
<status status="PASS" starttime="20221023 12:07:41.859" endtime="20221023 12:07:42.283"/>
</kw>
<status status="PASS" starttime="20221023 12:07:41.858" endtime="20221023 12:07:42.283"/>
</kw>
<kw name="Error message should be visible" library="login_resources">
<kw name="Page Should Contain" library="SeleniumLibrary">
<arg>Login was unsuccessful</arg>
<doc>Verifies that current page contains ``text``.</doc>
<msg timestamp="20221023 12:07:42.304" level="INFO">Current page contains text 'Login was unsuccessful'.</msg>
<status status="PASS" starttime="20221023 12:07:42.285" endtime="20221023 12:07:42.304"/>
</kw>
<status status="PASS" starttime="20221023 12:07:42.283" endtime="20221023 12:07:42.304"/>
</kw>
<status status="PASS" starttime="20221023 12:07:41.627" endtime="20221023 12:07:42.305"/>
</kw>
<status status="PASS" starttime="20221023 12:07:41.624" endtime="20221023 12:07:42.305"/>
</test>
<kw name="Close Browsers" library="login_resources" type="TEARDOWN">
<kw name="Close Browser" library="SeleniumLibrary">
<doc>Closes the current browser.</doc>
<status status="PASS" starttime="20221023 12:07:42.306" endtime="20221023 12:07:44.467"/>
</kw>
<status status="PASS" starttime="20221023 12:07:42.306" endtime="20221023 12:07:44.468"/>
</kw>
<status status="PASS" starttime="20221023 12:07:34.469" endtime="20221023 12:07:44.468"/>
</suite>
<status status="PASS" starttime="20221023 12:07:34.444" endtime="20221023 12:07:44.470"/>
</suite>
<statistics>
<total>
<stat pass="3" fail="0" skip="0">All Tests</stat>
</total>
<tag>
</tag>
<suite>
<stat pass="3" fail="0" skip="0" id="s1" name="Suites">Suites</stat>
<stat pass="3" fail="0" skip="0" id="s1-s1" name="Csvnopcom">Suites.Csvnopcom</stat>
</suite>
</statistics>
<errors>
</errors>
</robot>
