<?xml version="1.0" encoding="UTF-8"?>
<robot generator="Robot 6.0 (Python 3.10.8 on win32)" generated="20221023 17:47:39.838" rpa="false" schemaversion="3">
<suite id="s1" name="Tagging" source="C:\Users\Windows\PycharmProjects\pythonProject\Frameworks in RobotFramework\Tagging\Tagging.robot">
<test id="s1-t1" name="TC1 User RegistrationTest" line="5">
<kw name="Log To Console" library="BuiltIn">
<arg>This is user reg test</arg>
<doc>Logs the given message to the console.</doc>
<status status="PASS" starttime="20221023 17:47:39.869" endtime="20221023 17:47:39.869"/>
</kw>
<kw name="Log To Console" library="BuiltIn">
<arg>user registration test is over</arg>
<doc>Logs the given message to the console.</doc>
<status status="PASS" starttime="20221023 17:47:39.869" endtime="20221023 17:47:39.869"/>
</kw>
<tag>regression</tag>
<status status="PASS" starttime="20221023 17:47:39.869" endtime="20221023 17:47:39.869"/>
</test>
<test id="s1-t2" name="TC2 LoginTest" line="9">
<kw name="Log To Console" library="BuiltIn">
<arg>This is login test</arg>
<doc>Logs the given message to the console.</doc>
<status status="PASS" starttime="20221023 17:47:39.869" endtime="20221023 17:47:39.869"/>
</kw>
<kw name="Log To Console" library="BuiltIn">
<arg>Login test is over</arg>
<doc>Logs the given message to the console.</doc>
<status status="PASS" starttime="20221023 17:47:39.869" endtime="20221023 17:47:39.869"/>
</kw>
<tag>sanity</tag>
<status status="PASS" starttime="20221023 17:47:39.869" endtime="20221023 17:47:39.869"/>
</test>
<test id="s1-t3" name="TC3 Change user settings" line="13">
<kw name="Log To Console" library="BuiltIn">
<arg>This is changin user settings test</arg>
<doc>Logs the given message to the console.</doc>
<status status="PASS" starttime="20221023 17:47:39.869" endtime="20221023 17:47:39.869"/>
</kw>
<kw name="Log To Console" library="BuiltIn">
<arg>Change user setting s test is over</arg>
<doc>Logs the given message to the console.</doc>
<status status="PASS" starttime="20221023 17:47:39.869" endtime="20221023 17:47:39.869"/>
</kw>
<tag>regression</tag>
<status status="PASS" starttime="20221023 17:47:39.869" endtime="20221023 17:47:39.869"/>
</test>
<test id="s1-t4" name="TC4 Logout Test" line="17">
<kw name="Log To Console" library="BuiltIn">
<arg>This is logout test</arg>
<doc>Logs the given message to the console.</doc>
<status status="PASS" starttime="20221023 17:47:39.869" endtime="20221023 17:47:39.869"/>
</kw>
<kw name="Log To Console" library="BuiltIn">
<arg>logout test is over</arg>
<doc>Logs the given message to the console.</doc>
<status status="PASS" starttime="20221023 17:47:39.869" endtime="20221023 17:47:39.869"/>
</kw>
<tag>sanity</tag>
<status status="PASS" starttime="20221023 17:47:39.869" endtime="20221023 17:47:39.869"/>
</test>
<status status="PASS" starttime="20221023 17:47:39.838" endtime="20221023 17:47:39.885"/>
</suite>
<statistics>
<total>
<stat pass="4" fail="0" skip="0">All Tests</stat>
</total>
<tag>
<stat pass="2" fail="0" skip="0">regression</stat>
<stat pass="2" fail="0" skip="0">sanity</stat>
</tag>
<suite>
<stat pass="4" fail="0" skip="0" id="s1" name="Tagging">Tagging</stat>
</suite>
</statistics>
<errors>
</errors>
</robot>
